<?xml version="1.0" encoding="UTF-8"?>
<!-- Generated by org.testng.reporters.JUnitXMLReporter -->
<testsuite ignored="1" hostname="MOT-32333-L" failures="0" tests="18" name="Default test" time="157.05" errors="0" timestamp="2025-03-10T16:19:31 IST">
  <testcase classname="nadeem.MoRise" name="Verify_user_login_and_clicks_on_RDD" time="25.23"/>
  <testcase classname="nadeem.MoRise" name="Verify_Global_search_result" time="9.985"/>
  <testcase classname="nadeem.MoRise" name="Verify_homepage_portfolio_snapshot" time="10.532"/>
  <testcase classname="nadeem.MoRise" name="Verify_Stock_homepage_Portfolio_Snapshot" time="5.992"/>
  <testcase classname="nadeem.MoRise" name="Verify_MF_homepage_Portfolio_Snapshot" time="8.255"/>
  <testcase classname="nadeem.MoRise" name="Verify_User_clicks_on_watchlist" time="10.582"/>
  <testcase classname="nadeem.MoRise" name="Verify_User_clicks_on_Option_watchlist" time="9.15"/>
  <testcase classname="nadeem.MoRise" name="Verify_user_clicks_getquote_overview" time="6.959"/>
  <testcase classname="nadeem.MoRise" name="Verify_user_clicks_getquote_Fundamentals" time="6.431"/>
  <testcase classname="nadeem.MoRise" name="Verify_user_clicks_getquote_technical" time="4.097"/>
  <testcase classname="nadeem.MoRise" name="Verify_user_clicks_getquote_news" time="5.515"/>
  <testcase classname="nadeem.MoRise" name="Verify_user_clicks_getquote_optionchain" time="2.477"/>
  <testcase classname="nadeem.MoRise" name="Verify_user_clicks_portfolio_all" time="9.579"/>
  <testcase classname="nadeem.MoRise" name="Verify_user_clicks_portfolio_stocks" time="4.006"/>
  <testcase classname="nadeem.MoRise" name="Verify_user_clicks_portfolio_mf" time="4.547"/>
  <testcase classname="nadeem.MoRise" name="Verify_user_clicks_portfolio_PMS" time="3.478"/>
  <testcase classname="nadeem.MoRise" name="Verify_user_clicks_portfolio_Add_funds" time="12.646"/>
  <testcase classname="nadeem.MoRise" name="Verify_user_clicks_portfolio_withdraw_funds" time="5.222"/>
  <testcase classname="nadeem.MoRise" name="Verify_user_clicks_portfolio_basket" time="0.0">
    <ignored/>
  </testcase> <!-- Verify_user_clicks_portfolio_basket -->
</testsuite> <!-- Default test -->
