<?xml version="1.0" encoding="UTF-8"?>
<testng-results ignored="0" total="2" passed="2" failed="0" skipped="0">
  <reporter-output>
    <line>
      <![CDATA[<h3>Execution Report</h3>]]>
    </line>
    <line>
      <![CDATA[<table border='1' style='border-collapse: collapse; width: 75%; text-align: center;'>]]>
    </line>
    <line>
      <![CDATA[<tr><th>Sr. No</th><th>Test Case</th><th>Status</th><th>Time Taken (ms)</th></tr>]]>
    </line>
    <line>
      <![CDATA[<tr><td>1</td><td>Stocks Button homescreen Redirection</td><td style='background-color: green;color: white; font-weight: bold;'>Pass</td><td>1228</td></tr>]]>
    </line>
    <line>
      <![CDATA[<tr><td>2</td><td>Authorised Sell EDIS Redirection</td><td style='background-color: green;color: white; font-weight: bold;'>Pass</td><td>676</td></tr>]]>
    </line>
    <line>
      <![CDATA[<tr><td>3</td><td>Portfolio Script Search</td><td style='background-color: green;color: white; font-weight: bold;'>Pass</td><td>1284</td></tr>]]>
    </line>
    <line>
      <![CDATA[<tr><td>4</td><td>Portfolio Gainers</td><td style='background-color: green;color: white; font-weight: bold;'>Pass</td><td>4323</td></tr>]]>
    </line>
    <line>
      <![CDATA[<tr><td>5</td><td>Portfolio Losers</td><td style='background-color: green;color: white; font-weight: bold;'>Pass</td><td>3823</td></tr>]]>
    </line>
    <line>
      <![CDATA[<tr><td>6</td><td>Portfolio Sort Z-A</td><td style='background-color: green;color: white; font-weight: bold;'>Pass</td><td>811</td></tr>]]>
    </line>
    <line>
      <![CDATA[<tr><td>7</td><td>Portfolio Sort A-Z</td><td style='background-color: green;color: white; font-weight: bold;'>Pass</td><td>248</td></tr>]]>
    </line>
    <line>
      <![CDATA[<tr><td>8</td><td>MF Invest Button homescreen Redirection</td><td style='background-color: green;color: white; font-weight: bold;'>Pass</td><td>1458</td></tr>]]>
    </line>
    <line>
      <![CDATA[<tr><td>9</td><td>6 indices Edit Indices Error message</td><td style='background-color: green;color: white; font-weight: bold;'>Pass</td><td>30531</td></tr>]]>
    </line>
    <line>
      <![CDATA[</table>]]>
    </line>
  </reporter-output>
  <suite started-at="2025-07-03T14:04:07 IST" name="Default suite" finished-at="2025-07-03T14:13:43 IST" duration-ms="576032">
    <groups>
    </groups>
    <test started-at="2025-07-03T14:04:07 IST" name="Default test" finished-at="2025-07-03T14:13:43 IST" duration-ms="576032">
      <class name="nadeem.AppRegressionII">
        <test-method is-config="true" signature="launchapp()[pri:0, instance:nadeem.AppRegressionII@3e96bacf]" started-at="2025-07-03T14:04:07 IST" name="launchapp" finished-at="2025-07-03T14:04:23 IST" duration-ms="15436" status="PASS">
          <reporter-output>
          </reporter-output>
        </test-method> <!-- launchapp -->
        <test-method signature="Verify_user_login_and_clicks_on_RDD()[pri:1, instance:nadeem.AppRegressionII@3e96bacf]" started-at="2025-07-03T14:04:23 IST" name="Verify_user_login_and_clicks_on_RDD" finished-at="2025-07-03T14:04:50 IST" duration-ms="27032" status="PASS">
          <reporter-output>
          </reporter-output>
        </test-method> <!-- Verify_user_login_and_clicks_on_RDD -->
        <test-method signature="mainMethod()[pri:2, instance:nadeem.AppRegressionII@3e96bacf]" started-at="2025-07-03T14:04:50 IST" name="mainMethod" finished-at="2025-07-03T14:13:42 IST" duration-ms="532723" status="PASS">
          <reporter-output>
            <line>
              <![CDATA[<h3>Execution Report</h3>]]>
            </line>
            <line>
              <![CDATA[<table border='1' style='border-collapse: collapse; width: 75%; text-align: center;'>]]>
            </line>
            <line>
              <![CDATA[<tr><th>Sr. No</th><th>Test Case</th><th>Status</th><th>Time Taken (ms)</th></tr>]]>
            </line>
            <line>
              <![CDATA[<tr><td>1</td><td>Stocks Button homescreen Redirection</td><td style='background-color: green;color: white; font-weight: bold;'>Pass</td><td>1228</td></tr>]]>
            </line>
            <line>
              <![CDATA[<tr><td>2</td><td>Authorised Sell EDIS Redirection</td><td style='background-color: green;color: white; font-weight: bold;'>Pass</td><td>676</td></tr>]]>
            </line>
            <line>
              <![CDATA[<tr><td>3</td><td>Portfolio Script Search</td><td style='background-color: green;color: white; font-weight: bold;'>Pass</td><td>1284</td></tr>]]>
            </line>
            <line>
              <![CDATA[<tr><td>4</td><td>Portfolio Gainers</td><td style='background-color: green;color: white; font-weight: bold;'>Pass</td><td>4323</td></tr>]]>
            </line>
            <line>
              <![CDATA[<tr><td>5</td><td>Portfolio Losers</td><td style='background-color: green;color: white; font-weight: bold;'>Pass</td><td>3823</td></tr>]]>
            </line>
            <line>
              <![CDATA[<tr><td>6</td><td>Portfolio Sort Z-A</td><td style='background-color: green;color: white; font-weight: bold;'>Pass</td><td>811</td></tr>]]>
            </line>
            <line>
              <![CDATA[<tr><td>7</td><td>Portfolio Sort A-Z</td><td style='background-color: green;color: white; font-weight: bold;'>Pass</td><td>248</td></tr>]]>
            </line>
            <line>
              <![CDATA[<tr><td>8</td><td>MF Invest Button homescreen Redirection</td><td style='background-color: green;color: white; font-weight: bold;'>Pass</td><td>1458</td></tr>]]>
            </line>
            <line>
              <![CDATA[<tr><td>9</td><td>6 indices Edit Indices Error message</td><td style='background-color: green;color: white; font-weight: bold;'>Pass</td><td>30531</td></tr>]]>
            </line>
            <line>
              <![CDATA[</table>]]>
            </line>
          </reporter-output>
        </test-method> <!-- mainMethod -->
        <test-method is-config="true" signature="Verify_user_kills_app()[pri:0, instance:nadeem.AppRegressionII@3e96bacf]" started-at="2025-07-03T14:13:42 IST" name="Verify_user_kills_app" finished-at="2025-07-03T14:13:43 IST" duration-ms="777" status="PASS">
          <reporter-output>
          </reporter-output>
        </test-method> <!-- Verify_user_kills_app -->
      </class> <!-- nadeem.AppRegressionII -->
    </test> <!-- Default test -->
  </suite> <!-- Default suite -->
</testng-results>
