<?xml version="1.0" encoding="UTF-8"?>
<!-- Generated by org.testng.reporters.JUnitReportReporter -->
<testsuite hostname="MOT-32333-L" failures="0" tests="19" name="nadeem.MoRise" time="6046.761" errors="0" timestamp="2025-04-16T17:47:47 IST" skipped="1">
  <testcase classname="nadeem.MoRise" name="Verify_user_login_and_clicks_on_RDD" time="25.247"/>
  <testcase classname="nadeem.MoRise" name="Verify_Global_search_result" time="528.657">
    <system-out>
      <![CDATA[<h3>Global_Search_Results</h3>
<table border='1' style='border-collapse: collapse; width: 75%; text-align: center;'>
<tr><th>Iteration Count</th><th>Time Taken (ms)</th><th>Status</th></tr>
<tr><td>1</td><td>1819</td><td style='background-color: green;color: white; font-weight: bold;'>Pass</td></tr>
<tr><td>2</td><td>1959</td><td style='background-color: green;color: white; font-weight: bold;'>Pass</td></tr>
<tr><td>3</td><td>1878</td><td style='background-color: green;color: white; font-weight: bold;'>Pass</td></tr>
<tr><td>4</td><td>1849</td><td style='background-color: green;color: white; font-weight: bold;'>Pass</td></tr>
<tr><td>5</td><td>1700</td><td style='background-color: green;color: white; font-weight: bold;'>Pass</td></tr>
<tr><td>6</td><td>2383</td><td style='background-color: green;color: white; font-weight: bold;'>Pass</td></tr>
<tr><td>7</td><td>1688</td><td style='background-color: green;color: white; font-weight: bold;'>Pass</td></tr>
<tr><td>8</td><td>1822</td><td style='background-color: green;color: white; font-weight: bold;'>Pass</td></tr>
<tr><td>9</td><td>1717</td><td style='background-color: green;color: white; font-weight: bold;'>Pass</td></tr>
<tr><td>10</td><td>1847</td><td style='background-color: green;color: white; font-weight: bold;'>Pass</td></tr>
<tr><td>11</td><td>2384</td><td style='background-color: green;color: white; font-weight: bold;'>Pass</td></tr>
<tr><td>12</td><td>1995</td><td style='background-color: green;color: white; font-weight: bold;'>Pass</td></tr>
<tr><td>13</td><td>2842</td><td style='background-color: green;color: white; font-weight: bold;'>Pass</td></tr>
<tr><td>14</td><td>3210</td><td style='background-color: green;color: white; font-weight: bold;'>Pass</td></tr>
<tr><td>15</td><td>1879</td><td style='background-color: green;color: white; font-weight: bold;'>Pass</td></tr>
<tr><td>16</td><td>1808</td><td style='background-color: green;color: white; font-weight: bold;'>Pass</td></tr>
<tr><td>17</td><td>1907</td><td style='background-color: green;color: white; font-weight: bold;'>Pass</td></tr>
<tr><td>18</td><td>1861</td><td style='background-color: green;color: white; font-weight: bold;'>Pass</td></tr>
<tr><td>19</td><td>1811</td><td style='background-color: green;color: white; font-weight: bold;'>Pass</td></tr>
<tr><td>20</td><td>1900</td><td style='background-color: green;color: white; font-weight: bold;'>Pass</td></tr>
<tr><td>21</td><td>1687</td><td style='background-color: green;color: white; font-weight: bold;'>Pass</td></tr>
<tr><td>22</td><td>1700</td><td style='background-color: green;color: white; font-weight: bold;'>Pass</td></tr>
<tr><td>23</td><td>1742</td><td style='background-color: green;color: white; font-weight: bold;'>Pass</td></tr>
<tr><td>24</td><td>1769</td><td style='background-color: green;color: white; font-weight: bold;'>Pass</td></tr>
<tr><td>25</td><td>1690</td><td style='background-color: green;color: white; font-weight: bold;'>Pass</td></tr>
<tr><td>26</td><td>1773</td><td style='background-color: green;color: white; font-weight: bold;'>Pass</td></tr>
<tr><td>27</td><td>1742</td><td style='background-color: green;color: white; font-weight: bold;'>Pass</td></tr>
<tr><td>28</td><td>1665</td><td style='background-color: green;color: white; font-weight: bold;'>Pass</td></tr>
<tr><td>29</td><td>1781</td><td style='background-color: green;color: white; font-weight: bold;'>Pass</td></tr>
<tr><td>30</td><td>1866</td><td style='background-color: green;color: white; font-weight: bold;'>Pass</td></tr>
<tr><td>31</td><td>1859</td><td style='background-color: green;color: white; font-weight: bold;'>Pass</td></tr>
<tr><td>32</td><td>1755</td><td style='background-color: green;color: white; font-weight: bold;'>Pass</td></tr>
<tr><td>33</td><td>2332</td><td style='background-color: green;color: white; font-weight: bold;'>Pass</td></tr>
<tr><td>34</td><td>1998</td><td style='background-color: green;color: white; font-weight: bold;'>Pass</td></tr>
<tr><td>35</td><td>1827</td><td style='background-color: green;color: white; font-weight: bold;'>Pass</td></tr>
<tr><td>36</td><td>1815</td><td style='background-color: green;color: white; font-weight: bold;'>Pass</td></tr>
<tr><td>37</td><td>1844</td><td style='background-color: green;color: white; font-weight: bold;'>Pass</td></tr>
<tr><td>38</td><td>1858</td><td style='background-color: green;color: white; font-weight: bold;'>Pass</td></tr>
<tr><td>39</td><td>1790</td><td style='background-color: green;color: white; font-weight: bold;'>Pass</td></tr>
<tr><td>40</td><td>1946</td><td style='background-color: green;color: white; font-weight: bold;'>Pass</td></tr>
<tr><td>41</td><td>1838</td><td style='background-color: green;color: white; font-weight: bold;'>Pass</td></tr>
<tr><td>42</td><td>1750</td><td style='background-color: green;color: white; font-weight: bold;'>Pass</td></tr>
<tr><td>43</td><td>1859</td><td style='background-color: green;color: white; font-weight: bold;'>Pass</td></tr>
<tr><td>44</td><td>1786</td><td style='background-color: green;color: white; font-weight: bold;'>Pass</td></tr>
<tr><td>45</td><td>1834</td><td style='background-color: green;color: white; font-weight: bold;'>Pass</td></tr>
<tr><td>46</td><td>1967</td><td style='background-color: green;color: white; font-weight: bold;'>Pass</td></tr>
<tr><td>47</td><td>1767</td><td style='background-color: green;color: white; font-weight: bold;'>Pass</td></tr>
<tr><td>48</td><td>1788</td><td style='background-color: green;color: white; font-weight: bold;'>Pass</td></tr>
<tr><td>49</td><td>1808</td><td style='background-color: green;color: white; font-weight: bold;'>Pass</td></tr>
<tr><td>50</td><td>1844</td><td style='background-color: green;color: white; font-weight: bold;'>Pass</td></tr>
</table>]]>
    </system-out>
  </testcase> <!-- Verify_Global_search_result -->
  <testcase classname="nadeem.MoRise" name="Verify_homepage_portfolio_snapshot" time="293.581">
    <system-out>
      <![CDATA[<h3>Homepage_portfolio_snap</h3>
<table border='1' style='border-collapse: collapse; width: 75%; text-align: center;'>
<tr><th>Iteration Count</th><th>Time Taken (ms)</th><th>Status</th></tr>
<tr><td>1</td><td>302</td><td style='background-color: green;color: white; font-weight: bold;'>Pass</td></tr>
<tr><td>2</td><td>301</td><td style='background-color: green;color: white; font-weight: bold;'>Pass</td></tr>
<tr><td>3</td><td>303</td><td style='background-color: green;color: white; font-weight: bold;'>Pass</td></tr>
<tr><td>4</td><td>305</td><td style='background-color: green;color: white; font-weight: bold;'>Pass</td></tr>
<tr><td>5</td><td>309</td><td style='background-color: green;color: white; font-weight: bold;'>Pass</td></tr>
<tr><td>6</td><td>308</td><td style='background-color: green;color: white; font-weight: bold;'>Pass</td></tr>
<tr><td>7</td><td>301</td><td style='background-color: green;color: white; font-weight: bold;'>Pass</td></tr>
<tr><td>8</td><td>302</td><td style='background-color: green;color: white; font-weight: bold;'>Pass</td></tr>
<tr><td>9</td><td>301</td><td style='background-color: green;color: white; font-weight: bold;'>Pass</td></tr>
<tr><td>10</td><td>306</td><td style='background-color: green;color: white; font-weight: bold;'>Pass</td></tr>
<tr><td>11</td><td>309</td><td style='background-color: green;color: white; font-weight: bold;'>Pass</td></tr>
<tr><td>12</td><td>315</td><td style='background-color: green;color: white; font-weight: bold;'>Pass</td></tr>
<tr><td>13</td><td>309</td><td style='background-color: green;color: white; font-weight: bold;'>Pass</td></tr>
<tr><td>14</td><td>305</td><td style='background-color: green;color: white; font-weight: bold;'>Pass</td></tr>
<tr><td>15</td><td>306</td><td style='background-color: green;color: white; font-weight: bold;'>Pass</td></tr>
<tr><td>16</td><td>307</td><td style='background-color: green;color: white; font-weight: bold;'>Pass</td></tr>
<tr><td>17</td><td>313</td><td style='background-color: green;color: white; font-weight: bold;'>Pass</td></tr>
<tr><td>18</td><td>302</td><td style='background-color: green;color: white; font-weight: bold;'>Pass</td></tr>
<tr><td>19</td><td>304</td><td style='background-color: green;color: white; font-weight: bold;'>Pass</td></tr>
<tr><td>20</td><td>305</td><td style='background-color: green;color: white; font-weight: bold;'>Pass</td></tr>
<tr><td>21</td><td>311</td><td style='background-color: green;color: white; font-weight: bold;'>Pass</td></tr>
<tr><td>22</td><td>313</td><td style='background-color: green;color: white; font-weight: bold;'>Pass</td></tr>
<tr><td>23</td><td>309</td><td style='background-color: green;color: white; font-weight: bold;'>Pass</td></tr>
<tr><td>24</td><td>315</td><td style='background-color: green;color: white; font-weight: bold;'>Pass</td></tr>
<tr><td>25</td><td>308</td><td style='background-color: green;color: white; font-weight: bold;'>Pass</td></tr>
<tr><td>26</td><td>314</td><td style='background-color: green;color: white; font-weight: bold;'>Pass</td></tr>
<tr><td>27</td><td>308</td><td style='background-color: green;color: white; font-weight: bold;'>Pass</td></tr>
<tr><td>28</td><td>306</td><td style='background-color: green;color: white; font-weight: bold;'>Pass</td></tr>
<tr><td>29</td><td>311</td><td style='background-color: green;color: white; font-weight: bold;'>Pass</td></tr>
<tr><td>30</td><td>308</td><td style='background-color: green;color: white; font-weight: bold;'>Pass</td></tr>
<tr><td>31</td><td>308</td><td style='background-color: green;color: white; font-weight: bold;'>Pass</td></tr>
<tr><td>32</td><td>310</td><td style='background-color: green;color: white; font-weight: bold;'>Pass</td></tr>
<tr><td>33</td><td>309</td><td style='background-color: green;color: white; font-weight: bold;'>Pass</td></tr>
<tr><td>34</td><td>301</td><td style='background-color: green;color: white; font-weight: bold;'>Pass</td></tr>
<tr><td>35</td><td>315</td><td style='background-color: green;color: white; font-weight: bold;'>Pass</td></tr>
<tr><td>36</td><td>303</td><td style='background-color: green;color: white; font-weight: bold;'>Pass</td></tr>
<tr><td>37</td><td>313</td><td style='background-color: green;color: white; font-weight: bold;'>Pass</td></tr>
<tr><td>38</td><td>312</td><td style='background-color: green;color: white; font-weight: bold;'>Pass</td></tr>
<tr><td>39</td><td>316</td><td style='background-color: green;color: white; font-weight: bold;'>Pass</td></tr>
<tr><td>40</td><td>314</td><td style='background-color: green;color: white; font-weight: bold;'>Pass</td></tr>
<tr><td>41</td><td>314</td><td style='background-color: green;color: white; font-weight: bold;'>Pass</td></tr>
<tr><td>42</td><td>314</td><td style='background-color: green;color: white; font-weight: bold;'>Pass</td></tr>
<tr><td>43</td><td>314</td><td style='background-color: green;color: white; font-weight: bold;'>Pass</td></tr>
<tr><td>44</td><td>302</td><td style='background-color: green;color: white; font-weight: bold;'>Pass</td></tr>
<tr><td>45</td><td>310</td><td style='background-color: green;color: white; font-weight: bold;'>Pass</td></tr>
<tr><td>46</td><td>301</td><td style='background-color: green;color: white; font-weight: bold;'>Pass</td></tr>
<tr><td>47</td><td>305</td><td style='background-color: green;color: white; font-weight: bold;'>Pass</td></tr>
<tr><td>48</td><td>313</td><td style='background-color: green;color: white; font-weight: bold;'>Pass</td></tr>
<tr><td>49</td><td>304</td><td style='background-color: green;color: white; font-weight: bold;'>Pass</td></tr>
<tr><td>50</td><td>310</td><td style='background-color: green;color: white; font-weight: bold;'>Pass</td></tr>
</table>]]>
    </system-out>
  </testcase> <!-- Verify_homepage_portfolio_snapshot -->
  <testcase classname="nadeem.MoRise" name="Verify_Stock_homepage_Portfolio_Snapshot" time="287.066">
    <system-out>
      <![CDATA[<h3>Stocks_homepage_portfolio_snap</h3>
<table border='1' style='border-collapse: collapse; width: 75%; text-align: center;'>
<tr><th>Iteration Count</th><th>Time Taken (ms)</th><th>Status</th></tr>
<tr><td>1</td><td>305</td><td style='background-color: green;color: white; font-weight: bold;'>Pass</td></tr>
<tr><td>2</td><td>304</td><td style='background-color: green;color: white; font-weight: bold;'>Pass</td></tr>
<tr><td>3</td><td>301</td><td style='background-color: green;color: white; font-weight: bold;'>Pass</td></tr>
<tr><td>4</td><td>312</td><td style='background-color: green;color: white; font-weight: bold;'>Pass</td></tr>
<tr><td>5</td><td>311</td><td style='background-color: green;color: white; font-weight: bold;'>Pass</td></tr>
<tr><td>6</td><td>312</td><td style='background-color: green;color: white; font-weight: bold;'>Pass</td></tr>
<tr><td>7</td><td>307</td><td style='background-color: green;color: white; font-weight: bold;'>Pass</td></tr>
<tr><td>8</td><td>304</td><td style='background-color: green;color: white; font-weight: bold;'>Pass</td></tr>
<tr><td>9</td><td>304</td><td style='background-color: green;color: white; font-weight: bold;'>Pass</td></tr>
<tr><td>10</td><td>307</td><td style='background-color: green;color: white; font-weight: bold;'>Pass</td></tr>
<tr><td>11</td><td>310</td><td style='background-color: green;color: white; font-weight: bold;'>Pass</td></tr>
<tr><td>12</td><td>312</td><td style='background-color: green;color: white; font-weight: bold;'>Pass</td></tr>
<tr><td>13</td><td>304</td><td style='background-color: green;color: white; font-weight: bold;'>Pass</td></tr>
<tr><td>14</td><td>310</td><td style='background-color: green;color: white; font-weight: bold;'>Pass</td></tr>
<tr><td>15</td><td>308</td><td style='background-color: green;color: white; font-weight: bold;'>Pass</td></tr>
<tr><td>16</td><td>312</td><td style='background-color: green;color: white; font-weight: bold;'>Pass</td></tr>
<tr><td>17</td><td>312</td><td style='background-color: green;color: white; font-weight: bold;'>Pass</td></tr>
<tr><td>18</td><td>309</td><td style='background-color: green;color: white; font-weight: bold;'>Pass</td></tr>
<tr><td>19</td><td>302</td><td style='background-color: green;color: white; font-weight: bold;'>Pass</td></tr>
<tr><td>20</td><td>303</td><td style='background-color: green;color: white; font-weight: bold;'>Pass</td></tr>
<tr><td>21</td><td>313</td><td style='background-color: green;color: white; font-weight: bold;'>Pass</td></tr>
<tr><td>22</td><td>313</td><td style='background-color: green;color: white; font-weight: bold;'>Pass</td></tr>
<tr><td>23</td><td>304</td><td style='background-color: green;color: white; font-weight: bold;'>Pass</td></tr>
<tr><td>24</td><td>313</td><td style='background-color: green;color: white; font-weight: bold;'>Pass</td></tr>
<tr><td>25</td><td>305</td><td style='background-color: green;color: white; font-weight: bold;'>Pass</td></tr>
<tr><td>26</td><td>301</td><td style='background-color: green;color: white; font-weight: bold;'>Pass</td></tr>
<tr><td>27</td><td>305</td><td style='background-color: green;color: white; font-weight: bold;'>Pass</td></tr>
<tr><td>28</td><td>315</td><td style='background-color: green;color: white; font-weight: bold;'>Pass</td></tr>
<tr><td>29</td><td>308</td><td style='background-color: green;color: white; font-weight: bold;'>Pass</td></tr>
<tr><td>30</td><td>303</td><td style='background-color: green;color: white; font-weight: bold;'>Pass</td></tr>
<tr><td>31</td><td>307</td><td style='background-color: green;color: white; font-weight: bold;'>Pass</td></tr>
<tr><td>32</td><td>301</td><td style='background-color: green;color: white; font-weight: bold;'>Pass</td></tr>
<tr><td>33</td><td>300</td><td style='background-color: green;color: white; font-weight: bold;'>Pass</td></tr>
<tr><td>34</td><td>303</td><td style='background-color: green;color: white; font-weight: bold;'>Pass</td></tr>
<tr><td>35</td><td>315</td><td style='background-color: green;color: white; font-weight: bold;'>Pass</td></tr>
<tr><td>36</td><td>304</td><td style='background-color: green;color: white; font-weight: bold;'>Pass</td></tr>
<tr><td>37</td><td>304</td><td style='background-color: green;color: white; font-weight: bold;'>Pass</td></tr>
<tr><td>38</td><td>310</td><td style='background-color: green;color: white; font-weight: bold;'>Pass</td></tr>
<tr><td>39</td><td>306</td><td style='background-color: green;color: white; font-weight: bold;'>Pass</td></tr>
<tr><td>40</td><td>309</td><td style='background-color: green;color: white; font-weight: bold;'>Pass</td></tr>
<tr><td>41</td><td>301</td><td style='background-color: green;color: white; font-weight: bold;'>Pass</td></tr>
<tr><td>42</td><td>302</td><td style='background-color: green;color: white; font-weight: bold;'>Pass</td></tr>
<tr><td>43</td><td>311</td><td style='background-color: green;color: white; font-weight: bold;'>Pass</td></tr>
<tr><td>44</td><td>307</td><td style='background-color: green;color: white; font-weight: bold;'>Pass</td></tr>
<tr><td>45</td><td>301</td><td style='background-color: green;color: white; font-weight: bold;'>Pass</td></tr>
<tr><td>46</td><td>303</td><td style='background-color: green;color: white; font-weight: bold;'>Pass</td></tr>
<tr><td>47</td><td>302</td><td style='background-color: green;color: white; font-weight: bold;'>Pass</td></tr>
<tr><td>48</td><td>305</td><td style='background-color: green;color: white; font-weight: bold;'>Pass</td></tr>
<tr><td>49</td><td>314</td><td style='background-color: green;color: white; font-weight: bold;'>Pass</td></tr>
<tr><td>50</td><td>313</td><td style='background-color: green;color: white; font-weight: bold;'>Pass</td></tr>
</table>]]>
    </system-out>
  </testcase> <!-- Verify_Stock_homepage_Portfolio_Snapshot -->
  <testcase classname="nadeem.MoRise" name="Verify_MF_homepage_Portfolio_Snapshot" time="551.975">
    <system-out>
      <![CDATA[<h3>mf_homepage_portfolio_snap</h3>
<table border='1' style='border-collapse: collapse; width: 75%; text-align: center;'>
<tr><th>Iteration Count</th><th>Time Taken (ms)</th><th>Status</th></tr>
<tr><td>1</td><td>150</td><td style='background-color: green;color: white; font-weight: bold;'>Pass</td></tr>
<tr><td>2</td><td>1736</td><td style='background-color: green;color: white; font-weight: bold;'>Pass</td></tr>
<tr><td>3</td><td>130</td><td style='background-color: green;color: white; font-weight: bold;'>Pass</td></tr>
<tr><td>4</td><td>172</td><td style='background-color: green;color: white; font-weight: bold;'>Pass</td></tr>
<tr><td>5</td><td>137</td><td style='background-color: green;color: white; font-weight: bold;'>Pass</td></tr>
<tr><td>6</td><td>764</td><td style='background-color: green;color: white; font-weight: bold;'>Pass</td></tr>
<tr><td>7</td><td>5953</td><td style='background-color: green;color: white; font-weight: bold;'>Pass</td></tr>
<tr><td>8</td><td>157</td><td style='background-color: green;color: white; font-weight: bold;'>Pass</td></tr>
<tr><td>9</td><td>145</td><td style='background-color: green;color: white; font-weight: bold;'>Pass</td></tr>
<tr><td>10</td><td>118</td><td style='background-color: green;color: white; font-weight: bold;'>Pass</td></tr>
<tr><td>11</td><td>151</td><td style='background-color: green;color: white; font-weight: bold;'>Pass</td></tr>
<tr><td>12</td><td>110</td><td style='background-color: green;color: white; font-weight: bold;'>Pass</td></tr>
<tr><td>13</td><td>131</td><td style='background-color: green;color: white; font-weight: bold;'>Pass</td></tr>
<tr><td>14</td><td>138</td><td style='background-color: green;color: white; font-weight: bold;'>Pass</td></tr>
<tr><td>15</td><td>96</td><td style='background-color: green;color: white; font-weight: bold;'>Pass</td></tr>
<tr><td>16</td><td>154</td><td style='background-color: green;color: white; font-weight: bold;'>Pass</td></tr>
<tr><td>17</td><td>173</td><td style='background-color: green;color: white; font-weight: bold;'>Pass</td></tr>
<tr><td>18</td><td>135</td><td style='background-color: green;color: white; font-weight: bold;'>Pass</td></tr>
<tr><td>19</td><td>137</td><td style='background-color: green;color: white; font-weight: bold;'>Pass</td></tr>
<tr><td>20</td><td>143</td><td style='background-color: green;color: white; font-weight: bold;'>Pass</td></tr>
<tr><td>21</td><td>155</td><td style='background-color: green;color: white; font-weight: bold;'>Pass</td></tr>
<tr><td>22</td><td>147</td><td style='background-color: green;color: white; font-weight: bold;'>Pass</td></tr>
<tr><td>23</td><td>124</td><td style='background-color: green;color: white; font-weight: bold;'>Pass</td></tr>
<tr><td>24</td><td>123</td><td style='background-color: green;color: white; font-weight: bold;'>Pass</td></tr>
<tr><td>25</td><td>145</td><td style='background-color: green;color: white; font-weight: bold;'>Pass</td></tr>
<tr><td>26</td><td>161</td><td style='background-color: green;color: white; font-weight: bold;'>Pass</td></tr>
<tr><td>27</td><td>158</td><td style='background-color: green;color: white; font-weight: bold;'>Pass</td></tr>
<tr><td>28</td><td>108</td><td style='background-color: green;color: white; font-weight: bold;'>Pass</td></tr>
<tr><td>29</td><td>87</td><td style='background-color: green;color: white; font-weight: bold;'>Pass</td></tr>
<tr><td>30</td><td>118</td><td style='background-color: green;color: white; font-weight: bold;'>Pass</td></tr>
<tr><td>31</td><td>113</td><td style='background-color: green;color: white; font-weight: bold;'>Pass</td></tr>
<tr><td>32</td><td>109</td><td style='background-color: green;color: white; font-weight: bold;'>Pass</td></tr>
<tr><td>33</td><td>1706</td><td style='background-color: green;color: white; font-weight: bold;'>Pass</td></tr>
<tr><td>34</td><td>3048</td><td style='background-color: green;color: white; font-weight: bold;'>Pass</td></tr>
<tr><td>35</td><td>149</td><td style='background-color: green;color: white; font-weight: bold;'>Pass</td></tr>
<tr><td>36</td><td>141</td><td style='background-color: green;color: white; font-weight: bold;'>Pass</td></tr>
<tr><td>37</td><td>110</td><td style='background-color: green;color: white; font-weight: bold;'>Pass</td></tr>
<tr><td>38</td><td>116</td><td style='background-color: green;color: white; font-weight: bold;'>Pass</td></tr>
<tr><td>39</td><td>92</td><td style='background-color: green;color: white; font-weight: bold;'>Pass</td></tr>
<tr><td>40</td><td>156</td><td style='background-color: green;color: white; font-weight: bold;'>Pass</td></tr>
<tr><td>41</td><td>128</td><td style='background-color: green;color: white; font-weight: bold;'>Pass</td></tr>
<tr><td>42</td><td>139</td><td style='background-color: green;color: white; font-weight: bold;'>Pass</td></tr>
<tr><td>43</td><td>109</td><td style='background-color: green;color: white; font-weight: bold;'>Pass</td></tr>
<tr><td>44</td><td>125</td><td style='background-color: green;color: white; font-weight: bold;'>Pass</td></tr>
<tr><td>45</td><td>98</td><td style='background-color: green;color: white; font-weight: bold;'>Pass</td></tr>
<tr><td>46</td><td>155</td><td style='background-color: green;color: white; font-weight: bold;'>Pass</td></tr>
<tr><td>47</td><td>149</td><td style='background-color: green;color: white; font-weight: bold;'>Pass</td></tr>
<tr><td>48</td><td>119</td><td style='background-color: green;color: white; font-weight: bold;'>Pass</td></tr>
<tr><td>49</td><td>119</td><td style='background-color: green;color: white; font-weight: bold;'>Pass</td></tr>
<tr><td>50</td><td>134</td><td style='background-color: green;color: white; font-weight: bold;'>Pass</td></tr>
</table>]]>
    </system-out>
  </testcase> <!-- Verify_MF_homepage_Portfolio_Snapshot -->
  <testcase classname="nadeem.MoRise" name="Verify_User_clicks_on_watchlist" time="660.096">
    <system-out>
      <![CDATA[<h3>Watchlist</h3>
<table border='1' style='border-collapse: collapse; width: 75%; text-align: center;'>
<tr><th>Iteration Count</th><th>Time Taken (ms)</th><th>Status</th></tr>
<tr><td>1</td><td>1802</td><td style='background-color: green;color: white; font-weight: bold;'>Pass</td></tr>
<tr><td>2</td><td>0</td><td style='background-color: red;color: white; font-weight: bold;'>Fail</td></tr>
<tr><td>3</td><td>950</td><td style='background-color: red;color: white; font-weight: bold;'>Fail</td></tr>
<tr><td>4</td><td>871</td><td style='background-color: green;color: white; font-weight: bold;'>Pass</td></tr>
<tr><td>5</td><td>0</td><td style='background-color: red;color: white; font-weight: bold;'>Fail</td></tr>
<tr><td>6</td><td>1119</td><td style='background-color: red;color: white; font-weight: bold;'>Fail</td></tr>
<tr><td>7</td><td>0</td><td style='background-color: red;color: white; font-weight: bold;'>Fail</td></tr>
<tr><td>8</td><td>972</td><td style='background-color: red;color: white; font-weight: bold;'>Fail</td></tr>
<tr><td>9</td><td>0</td><td style='background-color: red;color: white; font-weight: bold;'>Fail</td></tr>
<tr><td>10</td><td>3672</td><td style='background-color: red;color: white; font-weight: bold;'>Fail</td></tr>
<tr><td>11</td><td>0</td><td style='background-color: red;color: white; font-weight: bold;'>Fail</td></tr>
<tr><td>12</td><td>3039</td><td style='background-color: red;color: white; font-weight: bold;'>Fail</td></tr>
<tr><td>13</td><td>1038</td><td style='background-color: green;color: white; font-weight: bold;'>Pass</td></tr>
<tr><td>14</td><td>1126</td><td style='background-color: green;color: white; font-weight: bold;'>Pass</td></tr>
<tr><td>15</td><td>3735</td><td style='background-color: green;color: white; font-weight: bold;'>Pass</td></tr>
<tr><td>16</td><td>1012</td><td style='background-color: green;color: white; font-weight: bold;'>Pass</td></tr>
<tr><td>17</td><td>795</td><td style='background-color: green;color: white; font-weight: bold;'>Pass</td></tr>
<tr><td>18</td><td>2079</td><td style='background-color: green;color: white; font-weight: bold;'>Pass</td></tr>
<tr><td>19</td><td>0</td><td style='background-color: red;color: white; font-weight: bold;'>Fail</td></tr>
<tr><td>20</td><td>1639</td><td style='background-color: red;color: white; font-weight: bold;'>Fail</td></tr>
<tr><td>21</td><td>0</td><td style='background-color: red;color: white; font-weight: bold;'>Fail</td></tr>
<tr><td>22</td><td>3724</td><td style='background-color: red;color: white; font-weight: bold;'>Fail</td></tr>
<tr><td>23</td><td>3736</td><td style='background-color: green;color: white; font-weight: bold;'>Pass</td></tr>
<tr><td>24</td><td>0</td><td style='background-color: red;color: white; font-weight: bold;'>Fail</td></tr>
<tr><td>25</td><td>2115</td><td style='background-color: red;color: white; font-weight: bold;'>Fail</td></tr>
<tr><td>26</td><td>3614</td><td style='background-color: green;color: white; font-weight: bold;'>Pass</td></tr>
<tr><td>27</td><td>0</td><td style='background-color: red;color: white; font-weight: bold;'>Fail</td></tr>
<tr><td>28</td><td>3854</td><td style='background-color: red;color: white; font-weight: bold;'>Fail</td></tr>
<tr><td>29</td><td>3547</td><td style='background-color: green;color: white; font-weight: bold;'>Pass</td></tr>
<tr><td>30</td><td>5180</td><td style='background-color: green;color: white; font-weight: bold;'>Pass</td></tr>
<tr><td>31</td><td>2712</td><td style='background-color: green;color: white; font-weight: bold;'>Pass</td></tr>
<tr><td>32</td><td>870</td><td style='background-color: green;color: white; font-weight: bold;'>Pass</td></tr>
<tr><td>33</td><td>4016</td><td style='background-color: green;color: white; font-weight: bold;'>Pass</td></tr>
<tr><td>34</td><td>3682</td><td style='background-color: green;color: white; font-weight: bold;'>Pass</td></tr>
<tr><td>35</td><td>3623</td><td style='background-color: green;color: white; font-weight: bold;'>Pass</td></tr>
<tr><td>36</td><td>0</td><td style='background-color: red;color: white; font-weight: bold;'>Fail</td></tr>
<tr><td>37</td><td>972</td><td style='background-color: red;color: white; font-weight: bold;'>Fail</td></tr>
<tr><td>38</td><td>886</td><td style='background-color: green;color: white; font-weight: bold;'>Pass</td></tr>
<tr><td>39</td><td>4912</td><td style='background-color: green;color: white; font-weight: bold;'>Pass</td></tr>
<tr><td>40</td><td>0</td><td style='background-color: red;color: white; font-weight: bold;'>Fail</td></tr>
<tr><td>41</td><td>1036</td><td style='background-color: red;color: white; font-weight: bold;'>Fail</td></tr>
<tr><td>42</td><td>829</td><td style='background-color: green;color: white; font-weight: bold;'>Pass</td></tr>
<tr><td>43</td><td>1084</td><td style='background-color: green;color: white; font-weight: bold;'>Pass</td></tr>
<tr><td>44</td><td>2544</td><td style='background-color: green;color: white; font-weight: bold;'>Pass</td></tr>
<tr><td>45</td><td>3557</td><td style='background-color: green;color: white; font-weight: bold;'>Pass</td></tr>
<tr><td>46</td><td>0</td><td style='background-color: red;color: white; font-weight: bold;'>Fail</td></tr>
<tr><td>47</td><td>962</td><td style='background-color: red;color: white; font-weight: bold;'>Fail</td></tr>
<tr><td>48</td><td>876</td><td style='background-color: green;color: white; font-weight: bold;'>Pass</td></tr>
<tr><td>49</td><td>1027</td><td style='background-color: green;color: white; font-weight: bold;'>Pass</td></tr>
<tr><td>50</td><td>0</td><td style='background-color: red;color: white; font-weight: bold;'>Fail</td></tr>
</table>]]>
    </system-out>
  </testcase> <!-- Verify_User_clicks_on_watchlist -->
  <testcase classname="nadeem.MoRise" name="Verify_User_clicks_on_Option_watchlist" time="312.127">
    <system-out>
      <![CDATA[<h3>Option_Watchlist</h3>
<table border='1' style='border-collapse: collapse; width: 75%; text-align: center;'>
<tr><th>Iteration Count</th><th>Time Taken (ms)</th><th>Status</th></tr>
<tr><td>1</td><td>146</td><td style='background-color: red;color: white; font-weight: bold;'>Fail</td></tr>
<tr><td>2</td><td>139</td><td style='background-color: green;color: white; font-weight: bold;'>Pass</td></tr>
<tr><td>3</td><td>175</td><td style='background-color: green;color: white; font-weight: bold;'>Pass</td></tr>
<tr><td>4</td><td>129</td><td style='background-color: green;color: white; font-weight: bold;'>Pass</td></tr>
<tr><td>5</td><td>143</td><td style='background-color: green;color: white; font-weight: bold;'>Pass</td></tr>
<tr><td>6</td><td>161</td><td style='background-color: green;color: white; font-weight: bold;'>Pass</td></tr>
<tr><td>7</td><td>184</td><td style='background-color: green;color: white; font-weight: bold;'>Pass</td></tr>
<tr><td>8</td><td>146</td><td style='background-color: green;color: white; font-weight: bold;'>Pass</td></tr>
<tr><td>9</td><td>165</td><td style='background-color: green;color: white; font-weight: bold;'>Pass</td></tr>
<tr><td>10</td><td>71</td><td style='background-color: green;color: white; font-weight: bold;'>Pass</td></tr>
<tr><td>11</td><td>3188</td><td style='background-color: green;color: white; font-weight: bold;'>Pass</td></tr>
<tr><td>12</td><td>3240</td><td style='background-color: green;color: white; font-weight: bold;'>Pass</td></tr>
<tr><td>13</td><td>118</td><td style='background-color: green;color: white; font-weight: bold;'>Pass</td></tr>
<tr><td>14</td><td>170</td><td style='background-color: green;color: white; font-weight: bold;'>Pass</td></tr>
<tr><td>15</td><td>951</td><td style='background-color: green;color: white; font-weight: bold;'>Pass</td></tr>
<tr><td>16</td><td>159</td><td style='background-color: green;color: white; font-weight: bold;'>Pass</td></tr>
<tr><td>17</td><td>51</td><td style='background-color: green;color: white; font-weight: bold;'>Pass</td></tr>
<tr><td>18</td><td>3238</td><td style='background-color: green;color: white; font-weight: bold;'>Pass</td></tr>
<tr><td>19</td><td>92</td><td style='background-color: green;color: white; font-weight: bold;'>Pass</td></tr>
<tr><td>20</td><td>111</td><td style='background-color: green;color: white; font-weight: bold;'>Pass</td></tr>
<tr><td>21</td><td>3125</td><td style='background-color: green;color: white; font-weight: bold;'>Pass</td></tr>
<tr><td>22</td><td>148</td><td style='background-color: green;color: white; font-weight: bold;'>Pass</td></tr>
<tr><td>23</td><td>140</td><td style='background-color: green;color: white; font-weight: bold;'>Pass</td></tr>
<tr><td>24</td><td>3136</td><td style='background-color: green;color: white; font-weight: bold;'>Pass</td></tr>
<tr><td>25</td><td>155</td><td style='background-color: green;color: white; font-weight: bold;'>Pass</td></tr>
<tr><td>26</td><td>122</td><td style='background-color: green;color: white; font-weight: bold;'>Pass</td></tr>
<tr><td>27</td><td>163</td><td style='background-color: green;color: white; font-weight: bold;'>Pass</td></tr>
<tr><td>28</td><td>112</td><td style='background-color: green;color: white; font-weight: bold;'>Pass</td></tr>
<tr><td>29</td><td>147</td><td style='background-color: green;color: white; font-weight: bold;'>Pass</td></tr>
<tr><td>30</td><td>742</td><td style='background-color: green;color: white; font-weight: bold;'>Pass</td></tr>
<tr><td>31</td><td>709</td><td style='background-color: green;color: white; font-weight: bold;'>Pass</td></tr>
<tr><td>32</td><td>138</td><td style='background-color: green;color: white; font-weight: bold;'>Pass</td></tr>
<tr><td>33</td><td>144</td><td style='background-color: green;color: white; font-weight: bold;'>Pass</td></tr>
<tr><td>34</td><td>1204</td><td style='background-color: green;color: white; font-weight: bold;'>Pass</td></tr>
<tr><td>35</td><td>190</td><td style='background-color: green;color: white; font-weight: bold;'>Pass</td></tr>
<tr><td>36</td><td>1669</td><td style='background-color: green;color: white; font-weight: bold;'>Pass</td></tr>
<tr><td>37</td><td>3105</td><td style='background-color: green;color: white; font-weight: bold;'>Pass</td></tr>
<tr><td>38</td><td>175</td><td style='background-color: green;color: white; font-weight: bold;'>Pass</td></tr>
<tr><td>39</td><td>152</td><td style='background-color: green;color: white; font-weight: bold;'>Pass</td></tr>
<tr><td>40</td><td>145</td><td style='background-color: green;color: white; font-weight: bold;'>Pass</td></tr>
<tr><td>41</td><td>151</td><td style='background-color: green;color: white; font-weight: bold;'>Pass</td></tr>
<tr><td>42</td><td>3159</td><td style='background-color: green;color: white; font-weight: bold;'>Pass</td></tr>
<tr><td>43</td><td>175</td><td style='background-color: green;color: white; font-weight: bold;'>Pass</td></tr>
<tr><td>44</td><td>151</td><td style='background-color: green;color: white; font-weight: bold;'>Pass</td></tr>
<tr><td>45</td><td>120</td><td style='background-color: green;color: white; font-weight: bold;'>Pass</td></tr>
<tr><td>46</td><td>142</td><td style='background-color: green;color: white; font-weight: bold;'>Pass</td></tr>
<tr><td>47</td><td>160</td><td style='background-color: green;color: white; font-weight: bold;'>Pass</td></tr>
<tr><td>48</td><td>1019</td><td style='background-color: green;color: white; font-weight: bold;'>Pass</td></tr>
<tr><td>49</td><td>187</td><td style='background-color: green;color: white; font-weight: bold;'>Pass</td></tr>
<tr><td>50</td><td>3260</td><td style='background-color: green;color: white; font-weight: bold;'>Pass</td></tr>
</table>]]>
    </system-out>
  </testcase> <!-- Verify_User_clicks_on_Option_watchlist -->
  <testcase classname="nadeem.MoRise" name="Verify_user_clicks_getquote_overview" time="340.873">
    <system-out>
      <![CDATA[<h3>Get Quote overview</h3>
<table border='1' style='border-collapse: collapse; width: 75%; text-align: center;'>
<tr><th>Iteration Count</th><th>Time Taken (ms)</th><th>Status</th></tr>
<tr><td>1</td><td>170</td><td style='background-color: green;color: white; font-weight: bold;'>Pass</td></tr>
<tr><td>2</td><td>285</td><td style='background-color: green;color: white; font-weight: bold;'>Pass</td></tr>
<tr><td>3</td><td>150</td><td style='background-color: green;color: white; font-weight: bold;'>Pass</td></tr>
<tr><td>4</td><td>139</td><td style='background-color: green;color: white; font-weight: bold;'>Pass</td></tr>
<tr><td>5</td><td>298</td><td style='background-color: green;color: white; font-weight: bold;'>Pass</td></tr>
<tr><td>6</td><td>278</td><td style='background-color: green;color: white; font-weight: bold;'>Pass</td></tr>
<tr><td>7</td><td>190</td><td style='background-color: green;color: white; font-weight: bold;'>Pass</td></tr>
<tr><td>8</td><td>197</td><td style='background-color: green;color: white; font-weight: bold;'>Pass</td></tr>
<tr><td>9</td><td>283</td><td style='background-color: green;color: white; font-weight: bold;'>Pass</td></tr>
<tr><td>10</td><td>168</td><td style='background-color: green;color: white; font-weight: bold;'>Pass</td></tr>
<tr><td>11</td><td>221</td><td style='background-color: green;color: white; font-weight: bold;'>Pass</td></tr>
<tr><td>12</td><td>185</td><td style='background-color: green;color: white; font-weight: bold;'>Pass</td></tr>
<tr><td>13</td><td>174</td><td style='background-color: green;color: white; font-weight: bold;'>Pass</td></tr>
<tr><td>14</td><td>210</td><td style='background-color: green;color: white; font-weight: bold;'>Pass</td></tr>
<tr><td>15</td><td>109</td><td style='background-color: green;color: white; font-weight: bold;'>Pass</td></tr>
<tr><td>16</td><td>182</td><td style='background-color: green;color: white; font-weight: bold;'>Pass</td></tr>
<tr><td>17</td><td>125</td><td style='background-color: green;color: white; font-weight: bold;'>Pass</td></tr>
<tr><td>18</td><td>169</td><td style='background-color: green;color: white; font-weight: bold;'>Pass</td></tr>
<tr><td>19</td><td>144</td><td style='background-color: green;color: white; font-weight: bold;'>Pass</td></tr>
<tr><td>20</td><td>150</td><td style='background-color: green;color: white; font-weight: bold;'>Pass</td></tr>
<tr><td>21</td><td>250</td><td style='background-color: green;color: white; font-weight: bold;'>Pass</td></tr>
<tr><td>22</td><td>144</td><td style='background-color: green;color: white; font-weight: bold;'>Pass</td></tr>
<tr><td>23</td><td>207</td><td style='background-color: green;color: white; font-weight: bold;'>Pass</td></tr>
<tr><td>24</td><td>255</td><td style='background-color: green;color: white; font-weight: bold;'>Pass</td></tr>
<tr><td>25</td><td>175</td><td style='background-color: green;color: white; font-weight: bold;'>Pass</td></tr>
<tr><td>26</td><td>136</td><td style='background-color: green;color: white; font-weight: bold;'>Pass</td></tr>
<tr><td>27</td><td>231</td><td style='background-color: green;color: white; font-weight: bold;'>Pass</td></tr>
<tr><td>28</td><td>240</td><td style='background-color: green;color: white; font-weight: bold;'>Pass</td></tr>
<tr><td>29</td><td>167</td><td style='background-color: green;color: white; font-weight: bold;'>Pass</td></tr>
<tr><td>30</td><td>141</td><td style='background-color: green;color: white; font-weight: bold;'>Pass</td></tr>
<tr><td>31</td><td>188</td><td style='background-color: green;color: white; font-weight: bold;'>Pass</td></tr>
<tr><td>32</td><td>247</td><td style='background-color: green;color: white; font-weight: bold;'>Pass</td></tr>
<tr><td>33</td><td>200</td><td style='background-color: green;color: white; font-weight: bold;'>Pass</td></tr>
<tr><td>34</td><td>251</td><td style='background-color: green;color: white; font-weight: bold;'>Pass</td></tr>
<tr><td>35</td><td>196</td><td style='background-color: green;color: white; font-weight: bold;'>Pass</td></tr>
<tr><td>36</td><td>133</td><td style='background-color: green;color: white; font-weight: bold;'>Pass</td></tr>
<tr><td>37</td><td>132</td><td style='background-color: green;color: white; font-weight: bold;'>Pass</td></tr>
<tr><td>38</td><td>4699</td><td style='background-color: green;color: white; font-weight: bold;'>Pass</td></tr>
<tr><td>39</td><td>201</td><td style='background-color: green;color: white; font-weight: bold;'>Pass</td></tr>
<tr><td>40</td><td>255</td><td style='background-color: green;color: white; font-weight: bold;'>Pass</td></tr>
<tr><td>41</td><td>174</td><td style='background-color: green;color: white; font-weight: bold;'>Pass</td></tr>
<tr><td>42</td><td>160</td><td style='background-color: green;color: white; font-weight: bold;'>Pass</td></tr>
<tr><td>43</td><td>142</td><td style='background-color: green;color: white; font-weight: bold;'>Pass</td></tr>
<tr><td>44</td><td>166</td><td style='background-color: green;color: white; font-weight: bold;'>Pass</td></tr>
<tr><td>45</td><td>648</td><td style='background-color: green;color: white; font-weight: bold;'>Pass</td></tr>
<tr><td>46</td><td>272</td><td style='background-color: green;color: white; font-weight: bold;'>Pass</td></tr>
<tr><td>47</td><td>236</td><td style='background-color: green;color: white; font-weight: bold;'>Pass</td></tr>
<tr><td>48</td><td>141</td><td style='background-color: green;color: white; font-weight: bold;'>Pass</td></tr>
<tr><td>49</td><td>169</td><td style='background-color: green;color: white; font-weight: bold;'>Pass</td></tr>
<tr><td>50</td><td>154</td><td style='background-color: green;color: white; font-weight: bold;'>Pass</td></tr>
</table>]]>
    </system-out>
  </testcase> <!-- Verify_user_clicks_getquote_overview -->
  <testcase classname="nadeem.MoRise" name="Verify_user_clicks_getquote_Fundamentals" time="261.447">
    <system-out>
      <![CDATA[<h3>Get Quote Fundamentals</h3>
<table border='1' style='border-collapse: collapse; width: 75%; text-align: center;'>
<tr><th>Iteration Count</th><th>Time Taken (ms)</th><th>Status</th></tr>
<tr><td>1</td><td>204</td><td style='background-color: green;color: white; font-weight: bold;'>Pass</td></tr>
<tr><td>2</td><td>165</td><td style='background-color: green;color: white; font-weight: bold;'>Pass</td></tr>
<tr><td>3</td><td>177</td><td style='background-color: green;color: white; font-weight: bold;'>Pass</td></tr>
<tr><td>4</td><td>160</td><td style='background-color: green;color: white; font-weight: bold;'>Pass</td></tr>
<tr><td>5</td><td>144</td><td style='background-color: green;color: white; font-weight: bold;'>Pass</td></tr>
<tr><td>6</td><td>147</td><td style='background-color: green;color: white; font-weight: bold;'>Pass</td></tr>
<tr><td>7</td><td>200</td><td style='background-color: green;color: white; font-weight: bold;'>Pass</td></tr>
<tr><td>8</td><td>196</td><td style='background-color: green;color: white; font-weight: bold;'>Pass</td></tr>
<tr><td>9</td><td>198</td><td style='background-color: green;color: white; font-weight: bold;'>Pass</td></tr>
<tr><td>10</td><td>192</td><td style='background-color: green;color: white; font-weight: bold;'>Pass</td></tr>
<tr><td>11</td><td>247</td><td style='background-color: green;color: white; font-weight: bold;'>Pass</td></tr>
<tr><td>12</td><td>193</td><td style='background-color: green;color: white; font-weight: bold;'>Pass</td></tr>
<tr><td>13</td><td>229</td><td style='background-color: green;color: white; font-weight: bold;'>Pass</td></tr>
<tr><td>14</td><td>260</td><td style='background-color: green;color: white; font-weight: bold;'>Pass</td></tr>
<tr><td>15</td><td>147</td><td style='background-color: green;color: white; font-weight: bold;'>Pass</td></tr>
<tr><td>16</td><td>220</td><td style='background-color: green;color: white; font-weight: bold;'>Pass</td></tr>
<tr><td>17</td><td>178</td><td style='background-color: green;color: white; font-weight: bold;'>Pass</td></tr>
<tr><td>18</td><td>112</td><td style='background-color: green;color: white; font-weight: bold;'>Pass</td></tr>
<tr><td>19</td><td>127</td><td style='background-color: green;color: white; font-weight: bold;'>Pass</td></tr>
<tr><td>20</td><td>157</td><td style='background-color: green;color: white; font-weight: bold;'>Pass</td></tr>
<tr><td>21</td><td>125</td><td style='background-color: green;color: white; font-weight: bold;'>Pass</td></tr>
<tr><td>22</td><td>148</td><td style='background-color: green;color: white; font-weight: bold;'>Pass</td></tr>
<tr><td>23</td><td>167</td><td style='background-color: green;color: white; font-weight: bold;'>Pass</td></tr>
<tr><td>24</td><td>165</td><td style='background-color: green;color: white; font-weight: bold;'>Pass</td></tr>
<tr><td>25</td><td>1245</td><td style='background-color: green;color: white; font-weight: bold;'>Pass</td></tr>
<tr><td>26</td><td>162</td><td style='background-color: green;color: white; font-weight: bold;'>Pass</td></tr>
<tr><td>27</td><td>179</td><td style='background-color: green;color: white; font-weight: bold;'>Pass</td></tr>
<tr><td>28</td><td>314</td><td style='background-color: green;color: white; font-weight: bold;'>Pass</td></tr>
<tr><td>29</td><td>152</td><td style='background-color: green;color: white; font-weight: bold;'>Pass</td></tr>
<tr><td>30</td><td>232</td><td style='background-color: green;color: white; font-weight: bold;'>Pass</td></tr>
<tr><td>31</td><td>124</td><td style='background-color: green;color: white; font-weight: bold;'>Pass</td></tr>
<tr><td>32</td><td>190</td><td style='background-color: green;color: white; font-weight: bold;'>Pass</td></tr>
<tr><td>33</td><td>182</td><td style='background-color: green;color: white; font-weight: bold;'>Pass</td></tr>
<tr><td>34</td><td>525</td><td style='background-color: green;color: white; font-weight: bold;'>Pass</td></tr>
<tr><td>35</td><td>124</td><td style='background-color: green;color: white; font-weight: bold;'>Pass</td></tr>
<tr><td>36</td><td>269</td><td style='background-color: green;color: white; font-weight: bold;'>Pass</td></tr>
<tr><td>37</td><td>260</td><td style='background-color: green;color: white; font-weight: bold;'>Pass</td></tr>
<tr><td>38</td><td>269</td><td style='background-color: green;color: white; font-weight: bold;'>Pass</td></tr>
<tr><td>39</td><td>190</td><td style='background-color: green;color: white; font-weight: bold;'>Pass</td></tr>
<tr><td>40</td><td>233</td><td style='background-color: green;color: white; font-weight: bold;'>Pass</td></tr>
<tr><td>41</td><td>169</td><td style='background-color: green;color: white; font-weight: bold;'>Pass</td></tr>
<tr><td>42</td><td>155</td><td style='background-color: green;color: white; font-weight: bold;'>Pass</td></tr>
<tr><td>43</td><td>147</td><td style='background-color: green;color: white; font-weight: bold;'>Pass</td></tr>
<tr><td>44</td><td>138</td><td style='background-color: green;color: white; font-weight: bold;'>Pass</td></tr>
<tr><td>45</td><td>185</td><td style='background-color: green;color: white; font-weight: bold;'>Pass</td></tr>
<tr><td>46</td><td>160</td><td style='background-color: green;color: white; font-weight: bold;'>Pass</td></tr>
<tr><td>47</td><td>211</td><td style='background-color: green;color: white; font-weight: bold;'>Pass</td></tr>
<tr><td>48</td><td>195</td><td style='background-color: green;color: white; font-weight: bold;'>Pass</td></tr>
<tr><td>49</td><td>222</td><td style='background-color: green;color: white; font-weight: bold;'>Pass</td></tr>
<tr><td>50</td><td>222</td><td style='background-color: green;color: white; font-weight: bold;'>Pass</td></tr>
</table>]]>
    </system-out>
  </testcase> <!-- Verify_user_clicks_getquote_Fundamentals -->
  <testcase classname="nadeem.MoRise" name="Verify_user_clicks_getquote_technical" time="317.290">
    <system-out>
      <![CDATA[<h3>Get Quote Technical</h3>
<table border='1' style='border-collapse: collapse; width: 75%; text-align: center;'>
<tr><th>Iteration Count</th><th>Time Taken (ms)</th><th>Status</th></tr>
<tr><td>1</td><td>161</td><td style='background-color: green;color: white; font-weight: bold;'>Pass</td></tr>
<tr><td>2</td><td>172</td><td style='background-color: green;color: white; font-weight: bold;'>Pass</td></tr>
<tr><td>3</td><td>178</td><td style='background-color: green;color: white; font-weight: bold;'>Pass</td></tr>
<tr><td>4</td><td>142</td><td style='background-color: green;color: white; font-weight: bold;'>Pass</td></tr>
<tr><td>5</td><td>136</td><td style='background-color: green;color: white; font-weight: bold;'>Pass</td></tr>
<tr><td>6</td><td>127</td><td style='background-color: green;color: white; font-weight: bold;'>Pass</td></tr>
<tr><td>7</td><td>168</td><td style='background-color: green;color: white; font-weight: bold;'>Pass</td></tr>
<tr><td>8</td><td>151</td><td style='background-color: green;color: white; font-weight: bold;'>Pass</td></tr>
<tr><td>9</td><td>123</td><td style='background-color: green;color: white; font-weight: bold;'>Pass</td></tr>
<tr><td>10</td><td>228</td><td style='background-color: green;color: white; font-weight: bold;'>Pass</td></tr>
<tr><td>11</td><td>219</td><td style='background-color: green;color: white; font-weight: bold;'>Pass</td></tr>
<tr><td>12</td><td>136</td><td style='background-color: green;color: white; font-weight: bold;'>Pass</td></tr>
<tr><td>13</td><td>145</td><td style='background-color: green;color: white; font-weight: bold;'>Pass</td></tr>
<tr><td>14</td><td>163</td><td style='background-color: green;color: white; font-weight: bold;'>Pass</td></tr>
<tr><td>15</td><td>169</td><td style='background-color: green;color: white; font-weight: bold;'>Pass</td></tr>
<tr><td>16</td><td>185</td><td style='background-color: green;color: white; font-weight: bold;'>Pass</td></tr>
<tr><td>17</td><td>214</td><td style='background-color: green;color: white; font-weight: bold;'>Pass</td></tr>
<tr><td>18</td><td>159</td><td style='background-color: green;color: white; font-weight: bold;'>Pass</td></tr>
<tr><td>19</td><td>272</td><td style='background-color: green;color: white; font-weight: bold;'>Pass</td></tr>
<tr><td>20</td><td>160</td><td style='background-color: green;color: white; font-weight: bold;'>Pass</td></tr>
<tr><td>21</td><td>128</td><td style='background-color: green;color: white; font-weight: bold;'>Pass</td></tr>
<tr><td>22</td><td>185</td><td style='background-color: green;color: white; font-weight: bold;'>Pass</td></tr>
<tr><td>23</td><td>170</td><td style='background-color: green;color: white; font-weight: bold;'>Pass</td></tr>
<tr><td>24</td><td>170</td><td style='background-color: green;color: white; font-weight: bold;'>Pass</td></tr>
<tr><td>25</td><td>155</td><td style='background-color: green;color: white; font-weight: bold;'>Pass</td></tr>
<tr><td>26</td><td>201</td><td style='background-color: green;color: white; font-weight: bold;'>Pass</td></tr>
<tr><td>27</td><td>140</td><td style='background-color: green;color: white; font-weight: bold;'>Pass</td></tr>
<tr><td>28</td><td>149</td><td style='background-color: green;color: white; font-weight: bold;'>Pass</td></tr>
<tr><td>29</td><td>155</td><td style='background-color: green;color: white; font-weight: bold;'>Pass</td></tr>
<tr><td>30</td><td>635</td><td style='background-color: green;color: white; font-weight: bold;'>Pass</td></tr>
<tr><td>31</td><td>154</td><td style='background-color: green;color: white; font-weight: bold;'>Pass</td></tr>
<tr><td>32</td><td>277</td><td style='background-color: green;color: white; font-weight: bold;'>Pass</td></tr>
<tr><td>33</td><td>2844</td><td style='background-color: green;color: white; font-weight: bold;'>Pass</td></tr>
<tr><td>34</td><td>151</td><td style='background-color: green;color: white; font-weight: bold;'>Pass</td></tr>
<tr><td>35</td><td>680</td><td style='background-color: green;color: white; font-weight: bold;'>Pass</td></tr>
<tr><td>36</td><td>129</td><td style='background-color: green;color: white; font-weight: bold;'>Pass</td></tr>
<tr><td>37</td><td>137</td><td style='background-color: green;color: white; font-weight: bold;'>Pass</td></tr>
<tr><td>38</td><td>181</td><td style='background-color: green;color: white; font-weight: bold;'>Pass</td></tr>
<tr><td>39</td><td>133</td><td style='background-color: green;color: white; font-weight: bold;'>Pass</td></tr>
<tr><td>40</td><td>200</td><td style='background-color: green;color: white; font-weight: bold;'>Pass</td></tr>
<tr><td>41</td><td>143</td><td style='background-color: green;color: white; font-weight: bold;'>Pass</td></tr>
<tr><td>42</td><td>139</td><td style='background-color: green;color: white; font-weight: bold;'>Pass</td></tr>
<tr><td>43</td><td>143</td><td style='background-color: green;color: white; font-weight: bold;'>Pass</td></tr>
<tr><td>44</td><td>196</td><td style='background-color: green;color: white; font-weight: bold;'>Pass</td></tr>
<tr><td>45</td><td>151</td><td style='background-color: green;color: white; font-weight: bold;'>Pass</td></tr>
<tr><td>46</td><td>158</td><td style='background-color: green;color: white; font-weight: bold;'>Pass</td></tr>
<tr><td>47</td><td>177</td><td style='background-color: green;color: white; font-weight: bold;'>Pass</td></tr>
<tr><td>48</td><td>182</td><td style='background-color: green;color: white; font-weight: bold;'>Pass</td></tr>
<tr><td>49</td><td>161</td><td style='background-color: green;color: white; font-weight: bold;'>Pass</td></tr>
<tr><td>50</td><td>182</td><td style='background-color: green;color: white; font-weight: bold;'>Pass</td></tr>
</table>]]>
    </system-out>
  </testcase> <!-- Verify_user_clicks_getquote_technical -->
  <testcase classname="nadeem.MoRise" name="Verify_user_clicks_getquote_news" time="319.706">
    <system-out>
      <![CDATA[<h3>Get Quote News</h3>
<table border='1' style='border-collapse: collapse; width: 75%; text-align: center;'>
<tr><th>Iteration Count</th><th>Time Taken (ms)</th><th>Status</th></tr>
<tr><td>1</td><td>146</td><td style='background-color: green;color: white; font-weight: bold;'>Pass</td></tr>
<tr><td>2</td><td>250</td><td style='background-color: green;color: white; font-weight: bold;'>Pass</td></tr>
<tr><td>3</td><td>150</td><td style='background-color: green;color: white; font-weight: bold;'>Pass</td></tr>
<tr><td>4</td><td>169</td><td style='background-color: green;color: white; font-weight: bold;'>Pass</td></tr>
<tr><td>5</td><td>153</td><td style='background-color: green;color: white; font-weight: bold;'>Pass</td></tr>
<tr><td>6</td><td>155</td><td style='background-color: green;color: white; font-weight: bold;'>Pass</td></tr>
<tr><td>7</td><td>124</td><td style='background-color: green;color: white; font-weight: bold;'>Pass</td></tr>
<tr><td>8</td><td>194</td><td style='background-color: green;color: white; font-weight: bold;'>Pass</td></tr>
<tr><td>9</td><td>145</td><td style='background-color: green;color: white; font-weight: bold;'>Pass</td></tr>
<tr><td>10</td><td>140</td><td style='background-color: green;color: white; font-weight: bold;'>Pass</td></tr>
<tr><td>11</td><td>140</td><td style='background-color: green;color: white; font-weight: bold;'>Pass</td></tr>
<tr><td>12</td><td>188</td><td style='background-color: green;color: white; font-weight: bold;'>Pass</td></tr>
<tr><td>13</td><td>142</td><td style='background-color: green;color: white; font-weight: bold;'>Pass</td></tr>
<tr><td>14</td><td>142</td><td style='background-color: green;color: white; font-weight: bold;'>Pass</td></tr>
<tr><td>15</td><td>110</td><td style='background-color: green;color: white; font-weight: bold;'>Pass</td></tr>
<tr><td>16</td><td>165</td><td style='background-color: green;color: white; font-weight: bold;'>Pass</td></tr>
<tr><td>17</td><td>248</td><td style='background-color: green;color: white; font-weight: bold;'>Pass</td></tr>
<tr><td>18</td><td>134</td><td style='background-color: green;color: white; font-weight: bold;'>Pass</td></tr>
<tr><td>19</td><td>137</td><td style='background-color: green;color: white; font-weight: bold;'>Pass</td></tr>
<tr><td>20</td><td>149</td><td style='background-color: green;color: white; font-weight: bold;'>Pass</td></tr>
<tr><td>21</td><td>717</td><td style='background-color: green;color: white; font-weight: bold;'>Pass</td></tr>
<tr><td>22</td><td>168</td><td style='background-color: green;color: white; font-weight: bold;'>Pass</td></tr>
<tr><td>23</td><td>171</td><td style='background-color: green;color: white; font-weight: bold;'>Pass</td></tr>
<tr><td>24</td><td>660</td><td style='background-color: green;color: white; font-weight: bold;'>Pass</td></tr>
<tr><td>25</td><td>172</td><td style='background-color: green;color: white; font-weight: bold;'>Pass</td></tr>
<tr><td>26</td><td>123</td><td style='background-color: green;color: white; font-weight: bold;'>Pass</td></tr>
<tr><td>27</td><td>115</td><td style='background-color: green;color: white; font-weight: bold;'>Pass</td></tr>
<tr><td>28</td><td>125</td><td style='background-color: green;color: white; font-weight: bold;'>Pass</td></tr>
<tr><td>29</td><td>120</td><td style='background-color: green;color: white; font-weight: bold;'>Pass</td></tr>
<tr><td>30</td><td>159</td><td style='background-color: green;color: white; font-weight: bold;'>Pass</td></tr>
<tr><td>31</td><td>132</td><td style='background-color: green;color: white; font-weight: bold;'>Pass</td></tr>
<tr><td>32</td><td>159</td><td style='background-color: green;color: white; font-weight: bold;'>Pass</td></tr>
<tr><td>33</td><td>159</td><td style='background-color: green;color: white; font-weight: bold;'>Pass</td></tr>
<tr><td>34</td><td>180</td><td style='background-color: green;color: white; font-weight: bold;'>Pass</td></tr>
<tr><td>35</td><td>120</td><td style='background-color: green;color: white; font-weight: bold;'>Pass</td></tr>
<tr><td>36</td><td>220</td><td style='background-color: green;color: white; font-weight: bold;'>Pass</td></tr>
<tr><td>37</td><td>155</td><td style='background-color: green;color: white; font-weight: bold;'>Pass</td></tr>
<tr><td>38</td><td>139</td><td style='background-color: green;color: white; font-weight: bold;'>Pass</td></tr>
<tr><td>39</td><td>154</td><td style='background-color: green;color: white; font-weight: bold;'>Pass</td></tr>
<tr><td>40</td><td>139</td><td style='background-color: green;color: white; font-weight: bold;'>Pass</td></tr>
<tr><td>41</td><td>135</td><td style='background-color: green;color: white; font-weight: bold;'>Pass</td></tr>
<tr><td>42</td><td>129</td><td style='background-color: green;color: white; font-weight: bold;'>Pass</td></tr>
<tr><td>43</td><td>118</td><td style='background-color: green;color: white; font-weight: bold;'>Pass</td></tr>
<tr><td>44</td><td>137</td><td style='background-color: green;color: white; font-weight: bold;'>Pass</td></tr>
<tr><td>45</td><td>146</td><td style='background-color: green;color: white; font-weight: bold;'>Pass</td></tr>
<tr><td>46</td><td>108</td><td style='background-color: green;color: white; font-weight: bold;'>Pass</td></tr>
<tr><td>47</td><td>183</td><td style='background-color: green;color: white; font-weight: bold;'>Pass</td></tr>
<tr><td>48</td><td>179</td><td style='background-color: green;color: white; font-weight: bold;'>Pass</td></tr>
<tr><td>49</td><td>264</td><td style='background-color: green;color: white; font-weight: bold;'>Pass</td></tr>
<tr><td>50</td><td>129</td><td style='background-color: green;color: white; font-weight: bold;'>Pass</td></tr>
</table>]]>
    </system-out>
  </testcase> <!-- Verify_user_clicks_getquote_news -->
  <testcase classname="nadeem.MoRise" name="Verify_user_clicks_getquote_optionchain" time="302.362">
    <system-out>
      <![CDATA[<h3>option chain</h3>
<table border='1' style='border-collapse: collapse; width: 75%; text-align: center;'>
<tr><th>Iteration Count</th><th>Time Taken (ms)</th><th>Status</th></tr>
<tr><td>1</td><td>820</td><td style='background-color: green;color: white; font-weight: bold;'>Pass</td></tr>
<tr><td>2</td><td>266</td><td style='background-color: green;color: white; font-weight: bold;'>Pass</td></tr>
<tr><td>3</td><td>4660</td><td style='background-color: green;color: white; font-weight: bold;'>Pass</td></tr>
<tr><td>4</td><td>350</td><td style='background-color: green;color: white; font-weight: bold;'>Pass</td></tr>
<tr><td>5</td><td>392</td><td style='background-color: green;color: white; font-weight: bold;'>Pass</td></tr>
<tr><td>6</td><td>328</td><td style='background-color: green;color: white; font-weight: bold;'>Pass</td></tr>
<tr><td>7</td><td>228</td><td style='background-color: green;color: white; font-weight: bold;'>Pass</td></tr>
<tr><td>8</td><td>434</td><td style='background-color: green;color: white; font-weight: bold;'>Pass</td></tr>
<tr><td>9</td><td>369</td><td style='background-color: green;color: white; font-weight: bold;'>Pass</td></tr>
<tr><td>10</td><td>192</td><td style='background-color: green;color: white; font-weight: bold;'>Pass</td></tr>
<tr><td>11</td><td>273</td><td style='background-color: green;color: white; font-weight: bold;'>Pass</td></tr>
<tr><td>12</td><td>4872</td><td style='background-color: green;color: white; font-weight: bold;'>Pass</td></tr>
<tr><td>13</td><td>245</td><td style='background-color: green;color: white; font-weight: bold;'>Pass</td></tr>
<tr><td>14</td><td>238</td><td style='background-color: green;color: white; font-weight: bold;'>Pass</td></tr>
<tr><td>15</td><td>284</td><td style='background-color: green;color: white; font-weight: bold;'>Pass</td></tr>
<tr><td>16</td><td>804</td><td style='background-color: green;color: white; font-weight: bold;'>Pass</td></tr>
<tr><td>17</td><td>324</td><td style='background-color: green;color: white; font-weight: bold;'>Pass</td></tr>
<tr><td>18</td><td>324</td><td style='background-color: green;color: white; font-weight: bold;'>Pass</td></tr>
<tr><td>19</td><td>286</td><td style='background-color: green;color: white; font-weight: bold;'>Pass</td></tr>
<tr><td>20</td><td>329</td><td style='background-color: green;color: white; font-weight: bold;'>Pass</td></tr>
<tr><td>21</td><td>343</td><td style='background-color: green;color: white; font-weight: bold;'>Pass</td></tr>
<tr><td>22</td><td>295</td><td style='background-color: green;color: white; font-weight: bold;'>Pass</td></tr>
<tr><td>23</td><td>392</td><td style='background-color: green;color: white; font-weight: bold;'>Pass</td></tr>
<tr><td>24</td><td>316</td><td style='background-color: green;color: white; font-weight: bold;'>Pass</td></tr>
<tr><td>25</td><td>302</td><td style='background-color: green;color: white; font-weight: bold;'>Pass</td></tr>
<tr><td>26</td><td>286</td><td style='background-color: green;color: white; font-weight: bold;'>Pass</td></tr>
<tr><td>27</td><td>221</td><td style='background-color: green;color: white; font-weight: bold;'>Pass</td></tr>
<tr><td>28</td><td>290</td><td style='background-color: green;color: white; font-weight: bold;'>Pass</td></tr>
<tr><td>29</td><td>234</td><td style='background-color: green;color: white; font-weight: bold;'>Pass</td></tr>
<tr><td>30</td><td>298</td><td style='background-color: green;color: white; font-weight: bold;'>Pass</td></tr>
<tr><td>31</td><td>167</td><td style='background-color: green;color: white; font-weight: bold;'>Pass</td></tr>
<tr><td>32</td><td>196</td><td style='background-color: green;color: white; font-weight: bold;'>Pass</td></tr>
<tr><td>33</td><td>906</td><td style='background-color: green;color: white; font-weight: bold;'>Pass</td></tr>
<tr><td>34</td><td>328</td><td style='background-color: green;color: white; font-weight: bold;'>Pass</td></tr>
<tr><td>35</td><td>222</td><td style='background-color: green;color: white; font-weight: bold;'>Pass</td></tr>
<tr><td>36</td><td>208</td><td style='background-color: green;color: white; font-weight: bold;'>Pass</td></tr>
<tr><td>37</td><td>306</td><td style='background-color: green;color: white; font-weight: bold;'>Pass</td></tr>
<tr><td>38</td><td>152</td><td style='background-color: green;color: white; font-weight: bold;'>Pass</td></tr>
<tr><td>39</td><td>315</td><td style='background-color: green;color: white; font-weight: bold;'>Pass</td></tr>
<tr><td>40</td><td>659</td><td style='background-color: green;color: white; font-weight: bold;'>Pass</td></tr>
<tr><td>41</td><td>238</td><td style='background-color: green;color: white; font-weight: bold;'>Pass</td></tr>
<tr><td>42</td><td>288</td><td style='background-color: green;color: white; font-weight: bold;'>Pass</td></tr>
<tr><td>43</td><td>564</td><td style='background-color: green;color: white; font-weight: bold;'>Pass</td></tr>
<tr><td>44</td><td>374</td><td style='background-color: green;color: white; font-weight: bold;'>Pass</td></tr>
<tr><td>45</td><td>316</td><td style='background-color: green;color: white; font-weight: bold;'>Pass</td></tr>
<tr><td>46</td><td>308</td><td style='background-color: green;color: white; font-weight: bold;'>Pass</td></tr>
<tr><td>47</td><td>323</td><td style='background-color: green;color: white; font-weight: bold;'>Pass</td></tr>
<tr><td>48</td><td>288</td><td style='background-color: green;color: white; font-weight: bold;'>Pass</td></tr>
<tr><td>49</td><td>212</td><td style='background-color: green;color: white; font-weight: bold;'>Pass</td></tr>
<tr><td>50</td><td>299</td><td style='background-color: green;color: white; font-weight: bold;'>Pass</td></tr>
</table>]]>
    </system-out>
  </testcase> <!-- Verify_user_clicks_getquote_optionchain -->
  <testcase classname="nadeem.MoRise" name="Verify_user_clicks_portfolio_all" time="300.077">
    <system-out>
      <![CDATA[<h3>portfolio All</h3>
<table border='1' style='border-collapse: collapse; width: 75%; text-align: center;'>
<tr><th>Iteration Count</th><th>Time Taken (ms)</th><th>Status</th></tr>
<tr><td>1</td><td>1609</td><td style='background-color: green;color: white; font-weight: bold;'>Pass</td></tr>
<tr><td>2</td><td>1014</td><td style='background-color: green;color: white; font-weight: bold;'>Pass</td></tr>
<tr><td>3</td><td>1441</td><td style='background-color: green;color: white; font-weight: bold;'>Pass</td></tr>
<tr><td>4</td><td>2688</td><td style='background-color: green;color: white; font-weight: bold;'>Pass</td></tr>
<tr><td>5</td><td>1367</td><td style='background-color: green;color: white; font-weight: bold;'>Pass</td></tr>
<tr><td>6</td><td>140</td><td style='background-color: green;color: white; font-weight: bold;'>Pass</td></tr>
<tr><td>7</td><td>2550</td><td style='background-color: green;color: white; font-weight: bold;'>Pass</td></tr>
<tr><td>8</td><td>186</td><td style='background-color: green;color: white; font-weight: bold;'>Pass</td></tr>
<tr><td>9</td><td>1294</td><td style='background-color: green;color: white; font-weight: bold;'>Pass</td></tr>
<tr><td>10</td><td>2543</td><td style='background-color: green;color: white; font-weight: bold;'>Pass</td></tr>
<tr><td>11</td><td>2766</td><td style='background-color: green;color: white; font-weight: bold;'>Pass</td></tr>
<tr><td>12</td><td>2762</td><td style='background-color: green;color: white; font-weight: bold;'>Pass</td></tr>
<tr><td>13</td><td>1195</td><td style='background-color: green;color: white; font-weight: bold;'>Pass</td></tr>
<tr><td>14</td><td>2360</td><td style='background-color: green;color: white; font-weight: bold;'>Pass</td></tr>
<tr><td>15</td><td>2252</td><td style='background-color: green;color: white; font-weight: bold;'>Pass</td></tr>
<tr><td>16</td><td>1490</td><td style='background-color: green;color: white; font-weight: bold;'>Pass</td></tr>
<tr><td>17</td><td>2126</td><td style='background-color: green;color: white; font-weight: bold;'>Pass</td></tr>
<tr><td>18</td><td>2317</td><td style='background-color: green;color: white; font-weight: bold;'>Pass</td></tr>
<tr><td>19</td><td>175</td><td style='background-color: green;color: white; font-weight: bold;'>Pass</td></tr>
<tr><td>20</td><td>2121</td><td style='background-color: green;color: white; font-weight: bold;'>Pass</td></tr>
<tr><td>21</td><td>2359</td><td style='background-color: green;color: white; font-weight: bold;'>Pass</td></tr>
<tr><td>22</td><td>2411</td><td style='background-color: green;color: white; font-weight: bold;'>Pass</td></tr>
<tr><td>23</td><td>2549</td><td style='background-color: green;color: white; font-weight: bold;'>Pass</td></tr>
<tr><td>24</td><td>2580</td><td style='background-color: green;color: white; font-weight: bold;'>Pass</td></tr>
<tr><td>25</td><td>2959</td><td style='background-color: green;color: white; font-weight: bold;'>Pass</td></tr>
<tr><td>26</td><td>1001</td><td style='background-color: green;color: white; font-weight: bold;'>Pass</td></tr>
<tr><td>27</td><td>943</td><td style='background-color: green;color: white; font-weight: bold;'>Pass</td></tr>
<tr><td>28</td><td>2793</td><td style='background-color: green;color: white; font-weight: bold;'>Pass</td></tr>
<tr><td>29</td><td>1001</td><td style='background-color: green;color: white; font-weight: bold;'>Pass</td></tr>
<tr><td>30</td><td>2006</td><td style='background-color: green;color: white; font-weight: bold;'>Pass</td></tr>
<tr><td>31</td><td>2913</td><td style='background-color: green;color: white; font-weight: bold;'>Pass</td></tr>
<tr><td>32</td><td>183</td><td style='background-color: green;color: white; font-weight: bold;'>Pass</td></tr>
<tr><td>33</td><td>1151</td><td style='background-color: green;color: white; font-weight: bold;'>Pass</td></tr>
<tr><td>34</td><td>3576</td><td style='background-color: green;color: white; font-weight: bold;'>Pass</td></tr>
<tr><td>35</td><td>859</td><td style='background-color: green;color: white; font-weight: bold;'>Pass</td></tr>
<tr><td>36</td><td>2600</td><td style='background-color: green;color: white; font-weight: bold;'>Pass</td></tr>
<tr><td>37</td><td>215</td><td style='background-color: green;color: white; font-weight: bold;'>Pass</td></tr>
<tr><td>38</td><td>2935</td><td style='background-color: green;color: white; font-weight: bold;'>Pass</td></tr>
<tr><td>39</td><td>4193</td><td style='background-color: green;color: white; font-weight: bold;'>Pass</td></tr>
<tr><td>40</td><td>196</td><td style='background-color: green;color: white; font-weight: bold;'>Pass</td></tr>
<tr><td>41</td><td>761</td><td style='background-color: green;color: white; font-weight: bold;'>Pass</td></tr>
<tr><td>42</td><td>215</td><td style='background-color: green;color: white; font-weight: bold;'>Pass</td></tr>
<tr><td>43</td><td>1061</td><td style='background-color: green;color: white; font-weight: bold;'>Pass</td></tr>
<tr><td>44</td><td>4340</td><td style='background-color: green;color: white; font-weight: bold;'>Pass</td></tr>
<tr><td>45</td><td>2013</td><td style='background-color: green;color: white; font-weight: bold;'>Pass</td></tr>
<tr><td>46</td><td>1111</td><td style='background-color: green;color: white; font-weight: bold;'>Pass</td></tr>
<tr><td>47</td><td>1674</td><td style='background-color: green;color: white; font-weight: bold;'>Pass</td></tr>
<tr><td>48</td><td>8199</td><td style='background-color: green;color: white; font-weight: bold;'>Pass</td></tr>
<tr><td>49</td><td>1097</td><td style='background-color: green;color: white; font-weight: bold;'>Pass</td></tr>
<tr><td>50</td><td>6618</td><td style='background-color: green;color: white; font-weight: bold;'>Pass</td></tr>
</table>]]>
    </system-out>
  </testcase> <!-- Verify_user_clicks_portfolio_all -->
  <testcase classname="nadeem.MoRise" name="Verify_user_clicks_portfolio_stocks" time="279.163">
    <system-out>
      <![CDATA[<h3>portfolio stocks</h3>
<table border='1' style='border-collapse: collapse; width: 75%; text-align: center;'>
<tr><th>Iteration Count</th><th>Time Taken (ms)</th><th>Status</th></tr>
<tr><td>1</td><td>673</td><td style='background-color: green;color: white; font-weight: bold;'>Pass</td></tr>
<tr><td>2</td><td>755</td><td style='background-color: green;color: white; font-weight: bold;'>Pass</td></tr>
<tr><td>3</td><td>0</td><td style='background-color: red;color: white; font-weight: bold;'>Fail</td></tr>
<tr><td>4</td><td>166</td><td style='background-color: green;color: white; font-weight: bold;'>Pass</td></tr>
<tr><td>5</td><td>1453</td><td style='background-color: green;color: white; font-weight: bold;'>Pass</td></tr>
<tr><td>6</td><td>0</td><td style='background-color: red;color: white; font-weight: bold;'>Fail</td></tr>
<tr><td>7</td><td>6822</td><td style='background-color: green;color: white; font-weight: bold;'>Pass</td></tr>
<tr><td>8</td><td>1174</td><td style='background-color: green;color: white; font-weight: bold;'>Pass</td></tr>
<tr><td>9</td><td>182</td><td style='background-color: green;color: white; font-weight: bold;'>Pass</td></tr>
<tr><td>10</td><td>168</td><td style='background-color: green;color: white; font-weight: bold;'>Pass</td></tr>
<tr><td>11</td><td>708</td><td style='background-color: green;color: white; font-weight: bold;'>Pass</td></tr>
<tr><td>12</td><td>100</td><td style='background-color: green;color: white; font-weight: bold;'>Pass</td></tr>
<tr><td>13</td><td>4312</td><td style='background-color: green;color: white; font-weight: bold;'>Pass</td></tr>
<tr><td>14</td><td>1507</td><td style='background-color: green;color: white; font-weight: bold;'>Pass</td></tr>
<tr><td>15</td><td>982</td><td style='background-color: green;color: white; font-weight: bold;'>Pass</td></tr>
<tr><td>16</td><td>756</td><td style='background-color: green;color: white; font-weight: bold;'>Pass</td></tr>
<tr><td>17</td><td>0</td><td style='background-color: red;color: white; font-weight: bold;'>Fail</td></tr>
<tr><td>18</td><td>0</td><td style='background-color: red;color: white; font-weight: bold;'>Fail</td></tr>
<tr><td>19</td><td>3946</td><td style='background-color: green;color: white; font-weight: bold;'>Pass</td></tr>
<tr><td>20</td><td>0</td><td style='background-color: red;color: white; font-weight: bold;'>Fail</td></tr>
<tr><td>21</td><td>2651</td><td style='background-color: green;color: white; font-weight: bold;'>Pass</td></tr>
<tr><td>22</td><td>3668</td><td style='background-color: green;color: white; font-weight: bold;'>Pass</td></tr>
<tr><td>23</td><td>0</td><td style='background-color: red;color: white; font-weight: bold;'>Fail</td></tr>
<tr><td>24</td><td>152</td><td style='background-color: green;color: white; font-weight: bold;'>Pass</td></tr>
<tr><td>25</td><td>1312</td><td style='background-color: green;color: white; font-weight: bold;'>Pass</td></tr>
<tr><td>26</td><td>0</td><td style='background-color: red;color: white; font-weight: bold;'>Fail</td></tr>
<tr><td>27</td><td>3973</td><td style='background-color: green;color: white; font-weight: bold;'>Pass</td></tr>
<tr><td>28</td><td>196</td><td style='background-color: green;color: white; font-weight: bold;'>Pass</td></tr>
<tr><td>29</td><td>1589</td><td style='background-color: green;color: white; font-weight: bold;'>Pass</td></tr>
<tr><td>30</td><td>2968</td><td style='background-color: green;color: white; font-weight: bold;'>Pass</td></tr>
<tr><td>31</td><td>1629</td><td style='background-color: green;color: white; font-weight: bold;'>Pass</td></tr>
<tr><td>32</td><td>148</td><td style='background-color: green;color: white; font-weight: bold;'>Pass</td></tr>
<tr><td>33</td><td>2667</td><td style='background-color: green;color: white; font-weight: bold;'>Pass</td></tr>
<tr><td>34</td><td>0</td><td style='background-color: red;color: white; font-weight: bold;'>Fail</td></tr>
<tr><td>35</td><td>5522</td><td style='background-color: green;color: white; font-weight: bold;'>Pass</td></tr>
<tr><td>36</td><td>3971</td><td style='background-color: green;color: white; font-weight: bold;'>Pass</td></tr>
<tr><td>37</td><td>1513</td><td style='background-color: green;color: white; font-weight: bold;'>Pass</td></tr>
<tr><td>38</td><td>0</td><td style='background-color: red;color: white; font-weight: bold;'>Fail</td></tr>
<tr><td>39</td><td>204</td><td style='background-color: green;color: white; font-weight: bold;'>Pass</td></tr>
<tr><td>40</td><td>178</td><td style='background-color: green;color: white; font-weight: bold;'>Pass</td></tr>
<tr><td>41</td><td>2712</td><td style='background-color: green;color: white; font-weight: bold;'>Pass</td></tr>
<tr><td>42</td><td>752</td><td style='background-color: green;color: white; font-weight: bold;'>Pass</td></tr>
<tr><td>43</td><td>163</td><td style='background-color: green;color: white; font-weight: bold;'>Pass</td></tr>
<tr><td>44</td><td>923</td><td style='background-color: green;color: white; font-weight: bold;'>Pass</td></tr>
<tr><td>45</td><td>1063</td><td style='background-color: green;color: white; font-weight: bold;'>Pass</td></tr>
<tr><td>46</td><td>0</td><td style='background-color: red;color: white; font-weight: bold;'>Fail</td></tr>
<tr><td>47</td><td>2995</td><td style='background-color: green;color: white; font-weight: bold;'>Pass</td></tr>
<tr><td>48</td><td>0</td><td style='background-color: red;color: white; font-weight: bold;'>Fail</td></tr>
<tr><td>49</td><td>136</td><td style='background-color: green;color: white; font-weight: bold;'>Pass</td></tr>
<tr><td>50</td><td>664</td><td style='background-color: green;color: white; font-weight: bold;'>Pass</td></tr>
</table>]]>
    </system-out>
  </testcase> <!-- Verify_user_clicks_portfolio_stocks -->
  <testcase classname="nadeem.MoRise" name="Verify_user_clicks_portfolio_mf" time="371.643">
    <system-out>
      <![CDATA[<h3>portfolio MF</h3>
<table border='1' style='border-collapse: collapse; width: 75%; text-align: center;'>
<tr><th>Iteration Count</th><th>Time Taken (ms)</th><th>Status</th></tr>
<tr><td>1</td><td>159</td><td style='background-color: green;color: white; font-weight: bold;'>Pass</td></tr>
<tr><td>2</td><td>2177</td><td style='background-color: green;color: white; font-weight: bold;'>Pass</td></tr>
<tr><td>3</td><td>737</td><td style='background-color: green;color: white; font-weight: bold;'>Pass</td></tr>
<tr><td>4</td><td>158</td><td style='background-color: green;color: white; font-weight: bold;'>Pass</td></tr>
<tr><td>5</td><td>726</td><td style='background-color: green;color: white; font-weight: bold;'>Pass</td></tr>
<tr><td>6</td><td>726</td><td style='background-color: green;color: white; font-weight: bold;'>Pass</td></tr>
<tr><td>7</td><td>5169</td><td style='background-color: green;color: white; font-weight: bold;'>Pass</td></tr>
<tr><td>8</td><td>141</td><td style='background-color: green;color: white; font-weight: bold;'>Pass</td></tr>
<tr><td>9</td><td>760</td><td style='background-color: green;color: white; font-weight: bold;'>Pass</td></tr>
<tr><td>10</td><td>756</td><td style='background-color: green;color: white; font-weight: bold;'>Pass</td></tr>
<tr><td>11</td><td>3130</td><td style='background-color: green;color: white; font-weight: bold;'>Pass</td></tr>
<tr><td>12</td><td>160</td><td style='background-color: green;color: white; font-weight: bold;'>Pass</td></tr>
<tr><td>13</td><td>4048</td><td style='background-color: green;color: white; font-weight: bold;'>Pass</td></tr>
<tr><td>14</td><td>172</td><td style='background-color: green;color: white; font-weight: bold;'>Pass</td></tr>
<tr><td>15</td><td>1512</td><td style='background-color: green;color: white; font-weight: bold;'>Pass</td></tr>
<tr><td>16</td><td>729</td><td style='background-color: green;color: white; font-weight: bold;'>Pass</td></tr>
<tr><td>17</td><td>3156</td><td style='background-color: green;color: white; font-weight: bold;'>Pass</td></tr>
<tr><td>18</td><td>130</td><td style='background-color: green;color: white; font-weight: bold;'>Pass</td></tr>
[...]
<tr><td>27</td><td>177</td><td style='background-color: green;color: white; font-weight: bold;'>Pass</td></tr>
<tr><td>28</td><td>753</td><td style='background-color: green;color: white; font-weight: bold;'>Pass</td></tr>
<tr><td>29</td><td>1511</td><td style='background-color: green;color: white; font-weight: bold;'>Pass</td></tr>
<tr><td>30</td><td>717</td><td style='background-color: green;color: white; font-weight: bold;'>Pass</td></tr>
<tr><td>31</td><td>3989</td><td style='background-color: green;color: white; font-weight: bold;'>Pass</td></tr>
<tr><td>32</td><td>744</td><td style='background-color: green;color: white; font-weight: bold;'>Pass</td></tr>
<tr><td>33</td><td>715</td><td style='background-color: green;color: white; font-weight: bold;'>Pass</td></tr>
<tr><td>34</td><td>713</td><td style='background-color: green;color: white; font-weight: bold;'>Pass</td></tr>
<tr><td>35</td><td>3154</td><td style='background-color: green;color: white; font-weight: bold;'>Pass</td></tr>
<tr><td>36</td><td>3987</td><td style='background-color: green;color: white; font-weight: bold;'>Pass</td></tr>
<tr><td>37</td><td>729</td><td style='background-color: green;color: white; font-weight: bold;'>Pass</td></tr>
<tr><td>38</td><td>739</td><td style='background-color: green;color: white; font-weight: bold;'>Pass</td></tr>
<tr><td>39</td><td>702</td><td style='background-color: green;color: white; font-weight: bold;'>Pass</td></tr>
<tr><td>40</td><td>159</td><td style='background-color: green;color: white; font-weight: bold;'>Pass</td></tr>
<tr><td>41</td><td>175</td><td style='background-color: green;color: white; font-weight: bold;'>Pass</td></tr>
<tr><td>42</td><td>738</td><td style='background-color: green;color: white; font-weight: bold;'>Pass</td></tr>
<tr><td>43</td><td>167</td><td style='background-color: green;color: white; font-weight: bold;'>Pass</td></tr>
<tr><td>44</td><td>744</td><td style='background-color: green;color: white; font-weight: bold;'>Pass</td></tr>
<tr><td>45</td><td>734</td><td style='background-color: green;color: white; font-weight: bold;'>Pass</td></tr>
<tr><td>46</td><td>3139</td><td style='background-color: green;color: white; font-weight: bold;'>Pass</td></tr>
<tr><td>47</td><td>716</td><td style='background-color: green;color: white; font-weight: bold;'>Pass</td></tr>
<tr><td>48</td><td>3151</td><td style='background-color: green;color: white; font-weight: bold;'>Pass</td></tr>
<tr><td>49</td><td>3996</td><td style='background-color: green;color: white; font-weight: bold;'>Pass</td></tr>
<tr><td>50</td><td>4044</td><td style='background-color: green;color: white; font-weight: bold;'>Pass</td></tr>
</table>
<h3>portfolio PMS</h3>
<table border='1' style='border-collapse: collapse; width: 75%; text-align: center;'>
<tr><th>Iteration Count</th><th>Time Taken (ms)</th><th>Status</th></tr>
<tr><td>1</td><td>627</td><td style='background-color: green;color: white; font-weight: bold;'>Pass</td></tr>
<tr><td>2</td><td>176</td><td style='background-color: green;color: white; font-weight: bold;'>Pass</td></tr>
<tr><td>3</td><td>278</td><td style='background-color: green;color: white; font-weight: bold;'>Pass</td></tr>
<tr><td>4</td><td>825</td><td style='background-color: green;color: white; font-weight: bold;'>Pass</td></tr>
<tr><td>5</td><td>1258</td><td style='background-color: green;color: white; font-weight: bold;'>Pass</td></tr>
<tr><td>6</td><td>832</td><td style='background-color: green;color: white; font-weight: bold;'>Pass</td></tr>
<tr><td>7</td><td>943</td><td style='background-color: green;color: white; font-weight: bold;'>Pass</td></tr>
<tr><td>8</td><td>812</td><td style='background-color: green;color: white; font-weight: bold;'>Pass</td></tr>
<tr><td>9</td><td>247</td><td style='background-color: green;color: white; font-weight: bold;'>Pass</td></tr>
<tr><td>10</td><td>267</td><td style='background-color: green;color: white; font-weight: bold;'>Pass</td></tr>
<tr><td>11</td><td>248</td><td style='background-color: green;color: white; font-weight: bold;'>Pass</td></tr>
<tr><td>12</td><td>239</td><td style='background-color: green;color: white; font-weight: bold;'>Pass</td></tr>
<tr><td>13</td><td>922</td><td style='background-color: green;color: white; font-weight: bold;'>Pass</td></tr>
<tr><td>14</td><td>792</td><td style='background-color: green;color: white; font-weight: bold;'>Pass</td></tr>
<tr><td>15</td><td>267</td><td style='background-color: green;color: white; font-weight: bold;'>Pass</td></tr>
<tr><td>16</td><td>4151</td><td style='background-color: green;color: white; font-weight: bold;'>Pass</td></tr>
<tr><td>17</td><td>728</td><td style='background-color: green;color: white; font-weight: bold;'>Pass</td></tr>
<tr><td>18</td><td>804</td><td style='background-color: green;color: white; font-weight: bold;'>Pass</td></tr>
<tr><td>19</td><td>773</td><td style='background-color: green;color: white; font-weight: bold;'>Pass</td></tr>
<tr><td>20</td><td>260</td><td style='background-color: green;color: white; font-weight: bold;'>Pass</td></tr>
<tr><td>21</td><td>1095</td><td style='background-color: green;color: white; font-weight: bold;'>Pass</td></tr>
<tr><td>22</td><td>2691</td><td style='background-color: green;color: white; font-weight: bold;'>Pass</td></tr>
<tr><td>23</td><td>798</td><td style='background-color: green;color: white; font-weight: bold;'>Pass</td></tr>
<tr><td>24</td><td>759</td><td style='background-color: green;color: white; font-weight: bold;'>Pass</td></tr>
<tr><td>25</td><td>775</td><td style='background-color: green;color: white; font-weight: bold;'>Pass</td></tr>
<tr><td>26</td><td>3958</td><td style='background-color: green;color: white; font-weight: bold;'>Pass</td></tr>
<tr><td>27</td><td>247</td><td style='background-color: green;color: white; font-weight: bold;'>Pass</td></tr>
<tr><td>28</td><td>817</td><td style='background-color: green;color: white; font-weight: bold;'>Pass</td></tr>
<tr><td>29</td><td>236</td><td style='background-color: green;color: white; font-weight: bold;'>Pass</td></tr>
<tr><td>30</td><td>240</td><td style='background-color: green;color: white; font-weight: bold;'>Pass</td></tr>
<tr><td>31</td><td>817</td><td style='background-color: green;color: white; font-weight: bold;'>Pass</td></tr>
<tr><td>32</td><td>3925</td><td style='background-color: green;color: white; font-weight: bold;'>Pass</td></tr>
<tr><td>33</td><td>842</td><td style='background-color: green;color: white; font-weight: bold;'>Pass</td></tr>
<tr><td>34</td><td>817</td><td style='background-color: green;color: white; font-weight: bold;'>Pass</td></tr>
<tr><td>35</td><td>866</td><td style='background-color: green;color: white; font-weight: bold;'>Pass</td></tr>
<tr><td>36</td><td>260</td><td style='background-color: green;color: white; font-weight: bold;'>Pass</td></tr>
<tr><td>37</td><td>814</td><td style='background-color: green;color: white; font-weight: bold;'>Pass</td></tr>
<tr><td>38</td><td>812</td><td style='background-color: green;color: white; font-weight: bold;'>Pass</td></tr>
<tr><td>39</td><td>264</td><td style='background-color: green;color: white; font-weight: bold;'>Pass</td></tr>
<tr><td>40</td><td>824</td><td style='background-color: green;color: white; font-weight: bold;'>Pass</td></tr>
<tr><td>41</td><td>838</td><td style='background-color: green;color: white; font-weight: bold;'>Pass</td></tr>
<tr><td>42</td><td>4079</td><td style='background-color: green;color: white; font-weight: bold;'>Pass</td></tr>
<tr><td>43</td><td>850</td><td style='background-color: green;color: white; font-weight: bold;'>Pass</td></tr>
<tr><td>44</td><td>1158</td><td style='background-color: green;color: white; font-weight: bold;'>Pass</td></tr>
<tr><td>45</td><td>783</td><td style='background-color: green;color: white; font-weight: bold;'>Pass</td></tr>
<tr><td>46</td><td>793</td><td style='background-color: green;color: white; font-weight: bold;'>Pass</td></tr>
<tr><td>47</td><td>223</td><td style='background-color: green;color: white; font-weight: bold;'>Pass</td></tr>
<tr><td>48</td><td>4748</td><td style='background-color: green;color: white; font-weight: bold;'>Pass</td></tr>
<tr><td>49</td><td>832</td><td style='background-color: green;color: white; font-weight: bold;'>Pass</td></tr>
<tr><td>50</td><td>6393</td><td style='background-color: green;color: white; font-weight: bold;'>Pass</td></tr>
</table>
<h3>Add Funds</h3>
<table border='1' style='border-collapse: collapse; width: 75%; text-align: center;'>
<tr><th>Iteration Count</th><th>Time Taken (ms)</th><th>Status</th></tr>
<tr><td>1</td><td>207</td><td style='background-color: green;color: white; font-weight: bold;'>Pass</td></tr>
<tr><td>2</td><td>218</td><td style='background-color: green;color: white; font-weight: bold;'>Pass</td></tr>
<tr><td>3</td><td>2807</td><td style='background-color: green;color: white; font-weight: bold;'>Pass</td></tr>
<tr><td>4</td><td>229</td><td style='background-color: green;color: white; font-weight: bold;'>Pass</td></tr>
<tr><td>5</td><td>200</td><td style='background-color: green;color: white; font-weight: bold;'>Pass</td></tr>
<tr><td>6</td><td>990</td><td style='background-color: green;color: white; font-weight: bold;'>Pass</td></tr>
<tr><td>7</td><td>798</td><td style='background-color: green;color: white; font-weight: bold;'>Pass</td></tr>
<tr><td>8</td><td>816</td><td style='background-color: green;color: white; font-weight: bold;'>Pass</td></tr>
<tr><td>9</td><td>3908</td><td style='background-color: green;color: white; font-weight: bold;'>Pass</td></tr>
<tr><td>10</td><td>5007</td><td style='background-color: green;color: white; font-weight: bold;'>Pass</td></tr>
<tr><td>11</td><td>265</td><td style='background-color: green;color: white; font-weight: bold;'>Pass</td></tr>
<tr><td>12</td><td>3294</td><td style='background-color: green;color: white; font-weight: bold;'>Pass</td></tr>
<tr><td>13</td><td>890</td><td style='background-color: green;color: white; font-weight: bold;'>Pass</td></tr>
<tr><td>14</td><td>3477</td><td style='background-color: green;color: white; font-weight: bold;'>Pass</td></tr>
<tr><td>15</td><td>1196</td><td style='background-color: green;color: white; font-weight: bold;'>Pass</td></tr>
<tr><td>16</td><td>830</td><td style='background-color: green;color: white; font-weight: bold;'>Pass</td></tr>
<tr><td>17</td><td>160</td><td style='background-color: green;color: white; font-weight: bold;'>Pass</td></tr>
<tr><td>18</td><td>2231</td><td style='background-color: green;color: white; font-weight: bold;'>Pass</td></tr>
<tr><td>19</td><td>3283</td><td style='background-color: green;color: white; font-weight: bold;'>Pass</td></tr>
<tr><td>20</td><td>227</td><td style='background-color: green;color: white; font-weight: bold;'>Pass</td></tr>
<tr><td>21</td><td>3403</td><td style='background-color: green;color: white; font-weight: bold;'>Pass</td></tr>
<tr><td>22</td><td>246</td><td style='background-color: green;color: white; font-weight: bold;'>Pass</td></tr>
<tr><td>23</td><td>800</td><td style='background-color: green;color: white; font-weight: bold;'>Pass</td></tr>
<tr><td>24</td><td>3290</td><td style='background-color: green;color: white; font-weight: bold;'>Pass</td></tr>
<tr><td>25</td><td>805</td><td style='background-color: green;color: white; font-weight: bold;'>Pass</td></tr>
<tr><td>26</td><td>4777</td><td style='background-color: green;color: white; font-weight: bold;'>Pass</td></tr>
<tr><td>27</td><td>206</td><td style='background-color: green;color: white; font-weight: bold;'>Pass</td></tr>
<tr><td>28</td><td>227</td><td style='background-color: green;color: white; font-weight: bold;'>Pass</td></tr>
<tr><td>29</td><td>4082</td><td style='background-color: green;color: white; font-weight: bold;'>Pass</td></tr>
<tr><td>30</td><td>777</td><td style='background-color: green;color: white; font-weight: bold;'>Pass</td></tr>
<tr><td>31</td><td>204</td><td style='background-color: green;color: white; font-weight: bold;'>Pass</td></tr>
<tr><td>32</td><td>215</td><td style='background-color: green;color: white; font-weight: bold;'>Pass</td></tr>
<tr><td>33</td><td>325</td><td style='background-color: green;color: white; font-weight: bold;'>Pass</td></tr>
<tr><td>34</td><td>816</td><td style='background-color: green;color: white; font-weight: bold;'>Pass</td></tr>
<tr><td>35</td><td>3317</td><td style='background-color: green;color: white; font-weight: bold;'>Pass</td></tr>
<tr><td>36</td><td>4092</td><td style='background-color: green;color: white; font-weight: bold;'>Pass</td></tr>
<tr><td>37</td><td>213</td><td style='background-color: green;color: white; font-weight: bold;'>Pass</td></tr>
<tr><td>38</td><td>200</td><td style='background-color: green;color: white; font-weight: bold;'>Pass</td></tr>
<tr><td>39</td><td>238</td><td style='background-color: green;color: white; font-weight: bold;'>Pass</td></tr>
<tr><td>40</td><td>833</td><td style='background-color: green;color: white; font-weight: bold;'>Pass</td></tr>
<tr><td>41</td><td>847</td><td style='background-color: green;color: white; font-weight: bold;'>Pass</td></tr>
<tr><td>42</td><td>4067</td><td style='background-color: green;color: white; font-weight: bold;'>Pass</td></tr>
<tr><td>43</td><td>227</td><td style='background-color: green;color: white; font-weight: bold;'>Pass</td></tr>
<tr><td>44</td><td>236</td><td style='background-color: green;color: white; font-weight: bold;'>Pass</td></tr>
<tr><td>45</td><td>3282</td><td style='background-color: green;color: white; font-weight: bold;'>Pass</td></tr>
<tr><td>46</td><td>3347</td><td style='background-color: green;color: white; font-weight: bold;'>Pass</td></tr>
<tr><td>47</td><td>783</td><td style='background-color: green;color: white; font-weight: bold;'>Pass</td></tr>
<tr><td>48</td><td>230</td><td style='background-color: green;color: white; font-weight: bold;'>Pass</td></tr>
<tr><td>49</td><td>1325</td><td style='background-color: green;color: white; font-weight: bold;'>Pass</td></tr>
<tr><td>50</td><td>232</td><td style='background-color: green;color: white; font-weight: bold;'>Pass</td></tr>
</table>
<h3>withdraw Funds</h3>
<table border='1' style='border-collapse: collapse; width: 75%; text-align: center;'>
<tr><th>Iteration Count</th><th>Time Taken (ms)</th><th>Status</th></tr>
<tr><td>1</td><td>4767</td><td style='background-color: green;color: white; font-weight: bold;'>Pass</td></tr>
<tr><td>2</td><td>3278</td><td style='background-color: green;color: white; font-weight: bold;'>Pass</td></tr>
<tr><td>3</td><td>239</td><td style='background-color: green;color: white; font-weight: bold;'>Pass</td></tr>
<tr><td>4</td><td>802</td><td style='background-color: green;color: white; font-weight: bold;'>Pass</td></tr>
<tr><td>5</td><td>3286</td><td style='background-color: green;color: white; font-weight: bold;'>Pass</td></tr>
<tr><td>6</td><td>797</td><td style='background-color: green;color: white; font-weight: bold;'>Pass</td></tr>
<tr><td>7</td><td>868</td><td style='background-color: green;color: white; font-weight: bold;'>Pass</td></tr>
<tr><td>8</td><td>866</td><td style='background-color: green;color: white; font-weight: bold;'>Pass</td></tr>
<tr><td>9</td><td>183</td><td style='background-color: green;color: white; font-weight: bold;'>Pass</td></tr>
<tr><td>10</td><td>765</td><td style='background-color: green;color: white; font-weight: bold;'>Pass</td></tr>
<tr><td>11</td><td>833</td><td style='background-color: green;color: white; font-weight: bold;'>Pass</td></tr>
<tr><td>12</td><td>263</td><td style='background-color: green;color: white; font-weight: bold;'>Pass</td></tr>
<tr><td>13</td><td>216</td><td style='background-color: green;color: white; font-weight: bold;'>Pass</td></tr>
<tr><td>14</td><td>214</td><td style='background-color: green;color: white; font-weight: bold;'>Pass</td></tr>
<tr><td>15</td><td>2154</td><td style='background-color: green;color: white; font-weight: bold;'>Pass</td></tr>
<tr><td>16</td><td>210</td><td style='background-color: green;color: white; font-weight: bold;'>Pass</td></tr>
<tr><td>17</td><td>162</td><td style='background-color: green;color: white; font-weight: bold;'>Pass</td></tr>
<tr><td>18</td><td>215</td><td style='background-color: green;color: white; font-weight: bold;'>Pass</td></tr>
<tr><td>19</td><td>230</td><td style='background-color: green;color: white; font-weight: bold;'>Pass</td></tr>
<tr><td>20</td><td>211</td><td style='background-color: green;color: white; font-weight: bold;'>Pass</td></tr>
<tr><td>21</td><td>272</td><td style='background-color: green;color: white; font-weight: bold;'>Pass</td></tr>
<tr><td>22</td><td>3283</td><td style='background-color: green;color: white; font-weight: bold;'>Pass</td></tr>
<tr><td>23</td><td>3281</td><td style='background-color: green;color: white; font-weight: bold;'>Pass</td></tr>
<tr><td>24</td><td>824</td><td style='background-color: green;color: white; font-weight: bold;'>Pass</td></tr>
<tr><td>25</td><td>2204</td><td style='background-color: green;color: white; font-weight: bold;'>Pass</td></tr>
<tr><td>26</td><td>2403</td><td style='background-color: green;color: white; font-weight: bold;'>Pass</td></tr>
<tr><td>27</td><td>243</td><td style='background-color: green;color: white; font-weight: bold;'>Pass</td></tr>
<tr><td>28</td><td>210</td><td style='background-color: green;color: white; font-weight: bold;'>Pass</td></tr>
<tr><td>29</td><td>3355</td><td style='background-color: green;color: white; font-weight: bold;'>Pass</td></tr>
<tr><td>30</td><td>202</td><td style='background-color: green;color: white; font-weight: bold;'>Pass</td></tr>
<tr><td>31</td><td>817</td><td style='background-color: green;color: white; font-weight: bold;'>Pass</td></tr>
<tr><td>32</td><td>3305</td><td style='background-color: green;color: white; font-weight: bold;'>Pass</td></tr>
<tr><td>33</td><td>810</td><td style='background-color: green;color: white; font-weight: bold;'>Pass</td></tr>
<tr><td>34</td><td>244</td><td style='background-color: green;color: white; font-weight: bold;'>Pass</td></tr>
<tr><td>35</td><td>3282</td><td style='background-color: green;color: white; font-weight: bold;'>Pass</td></tr>
<tr><td>36</td><td>3364</td><td style='background-color: green;color: white; font-weight: bold;'>Pass</td></tr>
<tr><td>37</td><td>867</td><td style='background-color: green;color: white; font-weight: bold;'>Pass</td></tr>
<tr><td>38</td><td>3376</td><td style='background-color: green;color: white; font-weight: bold;'>Pass</td></tr>
<tr><td>39</td><td>3357</td><td style='background-color: green;color: white; font-weight: bold;'>Pass</td></tr>
<tr><td>40</td><td>798</td><td style='background-color: green;color: white; font-weight: bold;'>Pass</td></tr>
<tr><td>41</td><td>1504</td><td style='background-color: green;color: white; font-weight: bold;'>Pass</td></tr>
<tr><td>42</td><td>216</td><td style='background-color: green;color: white; font-weight: bold;'>Pass</td></tr>
<tr><td>43</td><td>257</td><td style='background-color: green;color: white; font-weight: bold;'>Pass</td></tr>
<tr><td>44</td><td>2235</td><td style='background-color: green;color: white; font-weight: bold;'>Pass</td></tr>
<tr><td>45</td><td>1302</td><td style='background-color: green;color: white; font-weight: bold;'>Pass</td></tr>
<tr><td>46</td><td>222</td><td style='background-color: green;color: white; font-weight: bold;'>Pass</td></tr>
<tr><td>47</td><td>250</td><td style='background-color: green;color: white; font-weight: bold;'>Pass</td></tr>
<tr><td>48</td><td>1099</td><td style='background-color: green;color: white; font-weight: bold;'>Pass</td></tr>
<tr><td>49</td><td>211</td><td style='background-color: green;color: white; font-weight: bold;'>Pass</td></tr>
<tr><td>50</td><td>279</td><td style='background-color: green;color: white; font-weight: bold;'>Pass</td></tr>
</table>]]>
  </system-out>
</testsuite> <!-- nadeem.MoRise -->
